#
# There is insufficient memory for the Java Runtime Environment to continue.
# Native memory allocation (malloc) failed to allocate 1185728 bytes. Error detail: Chunk::new
# Possible reasons:
#   The system is out of physical RAM or swap space
#   This process is running with CompressedOops enabled, and the Java Heap may be blocking the growth of the native heap
# Possible solutions:
#   Reduce memory load on the system
#   Increase physical memory or swap space
#   Check if swap backing store is full
#   Decrease Java heap size (-Xmx/-Xms)
#   Decrease number of Java threads
#   Decrease Java thread stack sizes (-Xss)
#   Set larger code cache with -XX:ReservedCodeCacheSize=
#   JVM is running with Zero Based Compressed Oops mode in which the Java heap is
#     placed in the first 32GB address space. The Java Heap base address is the
#     maximum limit for the native heap growth. Please use -XX:HeapBaseMinAddress
#     to set the Java Heap base and to place the Java Heap above 32GB virtual address.
# This output file may be truncated or incomplete.
#
#  Out of Memory Error (arena.cpp:168), pid=10988, tid=14136
#
# JRE version: OpenJDK Runtime Environment Temurin-21.0.10+7 (21.0.10+7) (build 21.0.10+7-LTS)
# Java VM: OpenJDK 64-Bit Server VM Temurin-21.0.10+7 (21.0.10+7-LTS, mixed mode, sharing, tiered, compressed oops, compressed class ptrs, g1 gc, windows-amd64)
# No core dump will be written. Minidumps are not enabled by default on client versions of Windows
#

---------------  S U M M A R Y ------------

Command Line: -XX:MaxMetaspaceSize=512m -XX:+HeapDumpOnOutOfMemoryError --add-opens=java.base/java.util=ALL-UNNAMED --add-opens=java.base/java.lang=ALL-UNNAMED --add-opens=java.base/java.lang.invoke=ALL-UNNAMED --add-opens=java.prefs/java.util.prefs=ALL-UNNAMED --add-exports=jdk.compiler/com.sun.tools.javac.api=ALL-UNNAMED --add-exports=jdk.compiler/com.sun.tools.javac.util=ALL-UNNAMED --add-opens=java.base/java.nio.charset=ALL-UNNAMED --add-opens=java.base/java.net=ALL-UNNAMED --add-opens=java.base/java.util.concurrent.atomic=ALL-UNNAMED -Xmx4G -Dfile.encoding=utf8 -Duser.country=US -Duser.language=en -Duser.variant -javaagent:C:\Users\mindp\.gradle\wrapper\dists\gradle-8.9-all\6m0mbzute7p0zdleavqlib88a\gradle-8.9\lib\agents\gradle-instrumentation-agent-8.9.jar org.gradle.launcher.daemon.bootstrap.GradleDaemon 8.9

Host: Intel(R) Core(TM) i5-8265U CPU @ 1.60GHz, 8 cores, 7G,  Windows 11 , 64 bit Build 26100 (10.0.26100.8328)
Time: Wed May  6 22:03:31 2026 E. Africa Standard Time elapsed time: 130.806901 seconds (0d 0h 2m 10s)

---------------  T H R E A D  ---------------

Current thread (0x00000182fdc8c540):  JavaThread "C2 CompilerThread1" daemon [_thread_in_native, id=14136, stack(0x0000001792600000,0x0000001792700000) (1024K)]


Current CompileTask:
C2:130807 16211       4       org.gradle.internal.classpath.transforms.BaseClasspathElementTransform$$Lambda/0x00000182db746dc0::visit (13 bytes)

Stack: [0x0000001792600000,0x0000001792700000]
Native frames: (J=compiled Java code, j=interpreted, Vv=VM code, C=native code)
V  [jvm.dll+0x6d7a39]
V  [jvm.dll+0x8b4b26]
V  [jvm.dll+0x8b70de]
V  [jvm.dll+0x8b77c3]
V  [jvm.dll+0x284346]
V  [jvm.dll+0xc66ed]
V  [jvm.dll+0xc6c31]
V  [jvm.dll+0x3bec3b]
V  [jvm.dll+0x1e3f69]
V  [jvm.dll+0x24c6b3]
V  [jvm.dll+0x24bb40]
V  [jvm.dll+0x1cb34e]
V  [jvm.dll+0x25b85d]
V  [jvm.dll+0x259dea]
V  [jvm.dll+0x3f857e]
V  [jvm.dll+0x85f59d]
V  [jvm.dll+0x6d626d]
C  [ucrtbase.dll+0x37b0]
C  [KERNEL32.DLL+0x2e957]
C  [ntdll.dll+0x427c]


---------------  P R O C E S S  ---------------

Threads class SMR info:
_java_thread_list=0x00000182feaec0a0, length=134, elements={
0x00000182bfcddff0, 0x00000182d9c14290, 0x00000182d9c17d10, 0x00000182d9c1c1c0,
0x00000182d9c1e840, 0x00000182d9c1fbd0, 0x00000182d9c20240, 0x00000182d9c220a0,
0x00000182d9c2dc70, 0x00000182f9204eb0, 0x00000182f91f3790, 0x00000182faa44720,
0x00000182fac143d0, 0x00000182faaca7a0, 0x00000182fa925170, 0x00000182fae47f10,
0x00000182faab7070, 0x00000182fab18060, 0x00000182fac929c0, 0x00000182fac94a90,
0x00000182fac957b0, 0x00000182fac95120, 0x00000182fac92330, 0x00000182fac93d70,
0x00000182fac93050, 0x00000182fac94400, 0x00000182fe6f04e0, 0x00000182fe6f0b70,
0x00000182fe6f1200, 0x00000182fe6f25b0, 0x00000182fe6f2c40, 0x00000182fe6f1f20,
0x00000182fe6f1890, 0x00000182fe6f32d0, 0x00000182fe6efe50, 0x00000182fe6f4680,
0x00000182fe6f60c0, 0x00000182fe6f3960, 0x00000182fe6f4d10, 0x00000182fe6f5a30,
0x00000182fe6f6750, 0x00000182fe6f7470, 0x00000182fb928980, 0x00000182fb925500,
0x00000182fb9282f0, 0x00000182fb929010, 0x00000182fb926220, 0x00000182fb9296a0,
0x00000182fb92a3c0, 0x00000182fb929d30, 0x00000182fb926f40, 0x00000182fb92b770,
0x00000182fb92aa50, 0x00000182fb92b0e0, 0x00000182fb92be00, 0x00000182fc37b040,
0x00000182fc37bd60, 0x00000182fc37b6d0, 0x00000182fc379c90, 0x00000182fc37a320,
0x00000182fc37a9b0, 0x00000182fc3788e0, 0x00000182fc37c3f0, 0x00000182fc37ff00,
0x00000182fc37de30, 0x00000182f979d9d0, 0x00000182f979d340, 0x00000182f97a07c0,
0x00000182f97a14e0, 0x00000182f97a0130, 0x00000182f979e060, 0x00000182f97a3c40,
0x00000182f97a2200, 0x00000182f97a42d0, 0x00000182f97a4960, 0x00000182f97a35b0,
0x00000182f97a2f20, 0x00000182f97a1b70, 0x00000182f97a2890, 0x00000182fc37f1e0,
0x00000182fc37f870, 0x00000182fdcd2870, 0x00000182fdcd3c20, 0x00000182fdcd4940,
0x00000182fdcd2f00, 0x00000182fdcd21e0, 0x00000182fdcd3590, 0x00000182fdcd42b0,
0x00000182fdcd14c0, 0x00000182fdcd4fd0, 0x00000182fdcd1b50, 0x00000182fdcd6a10,
0x00000182fdcd70a0, 0x00000182fdcd8450, 0x00000182fdcd7730, 0x00000182fdcd7dc0,
0x00000182fdcd5660, 0x00000182fdcd8ae0, 0x00000182fdcd5cf0, 0x00000182fdcd6380,
0x00000182fd0d54b0, 0x00000182fd0d6860, 0x00000182fd0d61d0, 0x00000182fd0d6ef0,
0x00000182fd0d7580, 0x00000182fd0d5b40, 0x00000182fd0d82a0, 0x00000182fd0d8930,
0x00000182fd0da370, 0x00000182fd0db090, 0x00000182fd0dbdb0, 0x00000182fd0dc440,
0x00000182fd0dcad0, 0x00000182fb3d2af0, 0x00000182fb3d6600, 0x00000182fb3d3ea0,
0x00000182fb3d6c90, 0x00000182fb3d7320, 0x00000182fb3d79b0, 0x00000182fb3d8040,
0x00000182fb3d86d0, 0x00000182fb3d5250, 0x00000182fb3d8d60, 0x00000182fb3d93f0,
0x00000182fb3da110, 0x00000182fceaffb0, 0x00000182fceaf290, 0x00000182fceb2710,
0x00000182fceb2da0, 0x00000182fceb2080, 0x00000182fceb0640, 0x00000182fceb0cd0,
0x00000182fdc8c540, 0x00000182fdc8e750
}

Java Threads: ( => current thread )
  0x00000182bfcddff0 JavaThread "main"                              [_thread_blocked, id=3252, stack(0x0000001792700000,0x0000001792800000) (1024K)]
  0x00000182d9c14290 JavaThread "Reference Handler"          daemon [_thread_blocked, id=20608, stack(0x0000001792f00000,0x0000001793000000) (1024K)]
  0x00000182d9c17d10 JavaThread "Finalizer"                  daemon [_thread_blocked, id=18460, stack(0x0000001793000000,0x0000001793100000) (1024K)]
  0x00000182d9c1c1c0 JavaThread "Signal Dispatcher"          daemon [_thread_blocked, id=7732, stack(0x0000001793100000,0x0000001793200000) (1024K)]
  0x00000182d9c1e840 JavaThread "Attach Listener"            daemon [_thread_blocked, id=9568, stack(0x0000001793200000,0x0000001793300000) (1024K)]
  0x00000182d9c1fbd0 JavaThread "Service Thread"             daemon [_thread_blocked, id=21800, stack(0x0000001793300000,0x0000001793400000) (1024K)]
  0x00000182d9c20240 JavaThread "Monitor Deflation Thread"   daemon [_thread_blocked, id=17676, stack(0x0000001793400000,0x0000001793500000) (1024K)]
  0x00000182d9c220a0 JavaThread "C2 CompilerThread0"         daemon [_thread_in_native, id=8972, stack(0x0000001793500000,0x0000001793600000) (1024K)]
  0x00000182d9c2dc70 JavaThread "C1 CompilerThread0"         daemon [_thread_blocked, id=21308, stack(0x0000001793600000,0x0000001793700000) (1024K)]
  0x00000182f9204eb0 JavaThread "Common-Cleaner"             daemon [_thread_blocked, id=19160, stack(0x0000001793700000,0x0000001793800000) (1024K)]
  0x00000182f91f3790 JavaThread "Notification Thread"        daemon [_thread_blocked, id=10472, stack(0x0000001793800000,0x0000001793900000) (1024K)]
  0x00000182faa44720 JavaThread "Daemon health stats"               [_thread_blocked, id=11240, stack(0x0000001793e00000,0x0000001793f00000) (1024K)]
  0x00000182fac143d0 JavaThread "Incoming local TCP Connector on port 63516"        [_thread_in_native, id=12096, stack(0x0000001794200000,0x0000001794300000) (1024K)]
  0x00000182faaca7a0 JavaThread "Daemon periodic checks"            [_thread_blocked, id=4160, stack(0x0000001794300000,0x0000001794400000) (1024K)]
  0x00000182fa925170 JavaThread "Daemon"                            [_thread_blocked, id=20264, stack(0x0000001793d00000,0x0000001793e00000) (1024K)]
  0x00000182fae47f10 JavaThread "Handler for socket connection from /127.0.0.1:63516 to /127.0.0.1:63517"        [_thread_in_native, id=11804, stack(0x0000001794400000,0x0000001794500000) (1024K)]
  0x00000182faab7070 JavaThread "Cancel handler"                    [_thread_blocked, id=22072, stack(0x0000001794500000,0x0000001794600000) (1024K)]
  0x00000182fab18060 JavaThread "Daemon worker"                     [_thread_in_Java, id=17392, stack(0x0000001794600000,0x0000001794700000) (1024K)]
  0x00000182fac929c0 JavaThread "Asynchronous log dispatcher for DefaultDaemonConnection: socket connection from /127.0.0.1:63516 to /127.0.0.1:63517"        [_thread_blocked, id=14012, stack(0x0000001794700000,0x0000001794800000) (1024K)]
  0x00000182fac94a90 JavaThread "Stdin handler"                     [_thread_blocked, id=5772, stack(0x0000001794800000,0x0000001794900000) (1024K)]
  0x00000182fac957b0 JavaThread "Daemon client event forwarder"        [_thread_blocked, id=10968, stack(0x0000001794900000,0x0000001794a00000) (1024K)]
  0x00000182fac95120 JavaThread "Cache worker for journal cache (C:\Users\mindp\.gradle\caches\journal-1)"        [_thread_blocked, id=11172, stack(0x0000001794a00000,0x0000001794b00000) (1024K)]
  0x00000182fac92330 JavaThread "File lock request listener"        [_thread_in_native, id=17772, stack(0x0000001794b00000,0x0000001794c00000) (1024K)]
  0x00000182fac93d70 JavaThread "Cache worker for file hash cache (C:\Users\mindp\.gradle\caches\8.9\fileHashes)"        [_thread_blocked, id=19540, stack(0x0000001794c00000,0x0000001794d00000) (1024K)]
  0x00000182fac93050 JavaThread "File lock release action executor"        [_thread_blocked, id=19980, stack(0x0000001794e00000,0x0000001794f00000) (1024K)]
  0x00000182fac94400 JavaThread "Cache worker for file hash cache (C:\Users\mindp\OneDrive\Documents\Desheena\mobile\android\.gradle\8.9\fileHashes)"        [_thread_blocked, id=18016, stack(0x0000001795100000,0x0000001795200000) (1024K)]
  0x00000182fe6f04e0 JavaThread "Cache worker for Build Output Cleanup Cache (C:\Users\mindp\OneDrive\Documents\Desheena\mobile\android\.gradle\buildOutputCleanup)"        [_thread_blocked, id=2304, stack(0x0000001795200000,0x0000001795300000) (1024K)]
  0x00000182fe6f0b70 JavaThread "File watcher server"        daemon [_thread_in_native, id=13928, stack(0x0000001794d00000,0x0000001794e00000) (1024K)]
  0x00000182fe6f1200 JavaThread "File watcher consumer"      daemon [_thread_blocked, id=1844, stack(0x0000001794f00000,0x0000001795000000) (1024K)]
  0x00000182fe6f25b0 JavaThread "jar transforms"                    [_thread_blocked, id=19952, stack(0x0000001795400000,0x0000001795500000) (1024K)]
  0x00000182fe6f2c40 JavaThread "jar transforms Thread 2"           [_thread_blocked, id=10360, stack(0x0000001795500000,0x0000001795600000) (1024K)]
  0x00000182fe6f1f20 JavaThread "jar transforms Thread 3"           [_thread_blocked, id=18608, stack(0x0000001795600000,0x0000001795700000) (1024K)]
  0x00000182fe6f1890 JavaThread "Cache worker for checksums cache (C:\Users\mindp\OneDrive\Documents\Desheena\mobile\android\.gradle\8.9\checksums)"        [_thread_blocked, id=9224, stack(0x0000001795700000,0x0000001795800000) (1024K)]
  0x00000182fe6f32d0 JavaThread "Cache worker for file content cache (C:\Users\mindp\.gradle\caches\8.9\fileContent)"        [_thread_blocked, id=10912, stack(0x0000001795800000,0x0000001795900000) (1024K)]
  0x00000182fe6efe50 JavaThread "Cache worker for cache directory md-rule (C:\Users\mindp\.gradle\caches\8.9\md-rule)"        [_thread_blocked, id=13512, stack(0x0000001795300000,0x0000001795400000) (1024K)]
  0x00000182fe6f4680 JavaThread "Cache worker for cache directory md-supplier (C:\Users\mindp\.gradle\caches\8.9\md-supplier)"        [_thread_blocked, id=20164, stack(0x0000001795900000,0x0000001795a00000) (1024K)]
  0x00000182fe6f60c0 JavaThread "jar transforms Thread 4"           [_thread_blocked, id=18108, stack(0x0000001795b00000,0x0000001795c00000) (1024K)]
  0x00000182fe6f3960 JavaThread "jar transforms Thread 5"           [_thread_blocked, id=11900, stack(0x0000001795c00000,0x0000001795d00000) (1024K)]
  0x00000182fe6f4d10 JavaThread "jar transforms Thread 6"           [_thread_blocked, id=10440, stack(0x0000001795e00000,0x0000001795f00000) (1024K)]
  0x00000182fe6f5a30 JavaThread "jar transforms Thread 7"           [_thread_blocked, id=8124, stack(0x0000001795a00000,0x0000001795b00000) (1024K)]
  0x00000182fe6f6750 JavaThread "jar transforms Thread 8"           [_thread_blocked, id=9684, stack(0x0000001795d00000,0x0000001795e00000) (1024K)]
  0x00000182fe6f7470 JavaThread "Cache worker for Build Output Cleanup Cache (C:\flutter\packages\flutter_tools\gradle\.gradle\buildOutputCleanup)"        [_thread_blocked, id=20636, stack(0x0000001796000000,0x0000001796100000) (1024K)]
  0x00000182fb928980 JavaThread "Unconstrained build operations"        [_thread_blocked, id=20804, stack(0x0000001796200000,0x0000001796300000) (1024K)]
  0x00000182fb925500 JavaThread "Unconstrained build operations Thread 2"        [_thread_blocked, id=15020, stack(0x0000001796300000,0x0000001796400000) (1024K)]
  0x00000182fb9282f0 JavaThread "Unconstrained build operations Thread 3"        [_thread_blocked, id=18824, stack(0x0000001796400000,0x0000001796500000) (1024K)]
  0x00000182fb929010 JavaThread "Unconstrained build operations Thread 4"        [_thread_blocked, id=13972, stack(0x0000001796500000,0x0000001796600000) (1024K)]
  0x00000182fb926220 JavaThread "Unconstrained build operations Thread 5"        [_thread_blocked, id=13612, stack(0x0000001796600000,0x0000001796700000) (1024K)]
  0x00000182fb9296a0 JavaThread "Unconstrained build operations Thread 6"        [_thread_blocked, id=10660, stack(0x0000001796700000,0x0000001796800000) (1024K)]
  0x00000182fb92a3c0 JavaThread "Unconstrained build operations Thread 7"        [_thread_blocked, id=10380, stack(0x0000001796800000,0x0000001796900000) (1024K)]
  0x00000182fb929d30 JavaThread "Unconstrained build operations Thread 8"        [_thread_blocked, id=11248, stack(0x0000001796900000,0x0000001796a00000) (1024K)]
  0x00000182fb926f40 JavaThread "Unconstrained build operations Thread 9"        [_thread_blocked, id=16396, stack(0x0000001796a00000,0x0000001796b00000) (1024K)]
  0x00000182fb92b770 JavaThread "Unconstrained build operations Thread 10"        [_thread_blocked, id=17824, stack(0x0000001796b00000,0x0000001796c00000) (1024K)]
  0x00000182fb92aa50 JavaThread "Unconstrained build operations Thread 11"        [_thread_blocked, id=6960, stack(0x0000001796c00000,0x0000001796d00000) (1024K)]
  0x00000182fb92b0e0 JavaThread "Unconstrained build operations Thread 12"        [_thread_blocked, id=18500, stack(0x0000001796d00000,0x0000001796e00000) (1024K)]
  0x00000182fb92be00 JavaThread "Unconstrained build operations Thread 13"        [_thread_blocked, id=9976, stack(0x0000001796e00000,0x0000001796f00000) (1024K)]
  0x00000182fc37b040 JavaThread "Unconstrained build operations Thread 14"        [_thread_blocked, id=13692, stack(0x0000001796f00000,0x0000001797000000) (1024K)]
  0x00000182fc37bd60 JavaThread "Unconstrained build operations Thread 15"        [_thread_blocked, id=14256, stack(0x0000001797000000,0x0000001797100000) (1024K)]
  0x00000182fc37b6d0 JavaThread "Unconstrained build operations Thread 16"        [_thread_blocked, id=22412, stack(0x0000001797100000,0x0000001797200000) (1024K)]
  0x00000182fc379c90 JavaThread "Unconstrained build operations Thread 17"        [_thread_blocked, id=8912, stack(0x0000001797200000,0x0000001797300000) (1024K)]
  0x00000182fc37a320 JavaThread "Unconstrained build operations Thread 18"        [_thread_blocked, id=18916, stack(0x0000001797300000,0x0000001797400000) (1024K)]
  0x00000182fc37a9b0 JavaThread "Unconstrained build operations Thread 19"        [_thread_blocked, id=15804, stack(0x0000001797400000,0x0000001797500000) (1024K)]
  0x00000182fc3788e0 JavaThread "Unconstrained build operations Thread 20"        [_thread_blocked, id=18292, stack(0x0000001797500000,0x0000001797600000) (1024K)]
  0x00000182fc37c3f0 JavaThread "Unconstrained build operations Thread 21"        [_thread_blocked, id=12648, stack(0x0000001797600000,0x0000001797700000) (1024K)]
  0x00000182fc37ff00 JavaThread "Memory manager"                    [_thread_blocked, id=12344, stack(0x0000001795f00000,0x0000001796000000) (1024K)]
  0x00000182fc37de30 JavaThread "build event listener"              [_thread_blocked, id=2620, stack(0x0000001796100000,0x0000001796200000) (1024K)]
  0x00000182f979d9d0 JavaThread "Execution worker"                  [_thread_blocked, id=18836, stack(0x0000001797b00000,0x0000001797c00000) (1024K)]
  0x00000182f979d340 JavaThread "Execution worker Thread 2"         [_thread_blocked, id=19572, stack(0x0000001797c00000,0x0000001797d00000) (1024K)]
  0x00000182f97a07c0 JavaThread "Execution worker Thread 3"         [_thread_blocked, id=5104, stack(0x0000001797d00000,0x0000001797e00000) (1024K)]
  0x00000182f97a14e0 JavaThread "Execution worker Thread 4"         [_thread_blocked, id=19072, stack(0x0000001797e00000,0x0000001797f00000) (1024K)]
  0x00000182f97a0130 JavaThread "Execution worker Thread 5"         [_thread_blocked, id=18372, stack(0x0000001797f00000,0x0000001798000000) (1024K)]
  0x00000182f979e060 JavaThread "Execution worker Thread 6"         [_thread_blocked, id=21704, stack(0x0000001798000000,0x0000001798100000) (1024K)]
  0x00000182f97a3c40 JavaThread "Execution worker Thread 7"         [_thread_blocked, id=4636, stack(0x0000001798100000,0x0000001798200000) (1024K)]
  0x00000182f97a2200 JavaThread "Cache worker for execution history cache (C:\flutter\packages\flutter_tools\gradle\.gradle\8.9\executionHistory)"        [_thread_blocked, id=21748, stack(0x0000001798200000,0x0000001798300000) (1024K)]
  0x00000182f97a42d0 JavaThread "Unconstrained build operations Thread 22"        [_thread_blocked, id=9208, stack(0x0000001798300000,0x0000001798400000) (1024K)]
  0x00000182f97a4960 JavaThread "Unconstrained build operations Thread 23"        [_thread_blocked, id=6396, stack(0x0000001798400000,0x0000001798500000) (1024K)]
  0x00000182f97a35b0 JavaThread "Unconstrained build operations Thread 24"        [_thread_blocked, id=8476, stack(0x0000001798500000,0x0000001798600000) (1024K)]
  0x00000182f97a2f20 JavaThread "Unconstrained build operations Thread 25"        [_thread_blocked, id=15860, stack(0x0000001798600000,0x0000001798700000) (1024K)]
  0x00000182f97a1b70 JavaThread "Unconstrained build operations Thread 26"        [_thread_blocked, id=5068, stack(0x0000001798700000,0x0000001798800000) (1024K)]
  0x00000182f97a2890 JavaThread "Unconstrained build operations Thread 27"        [_thread_blocked, id=21144, stack(0x0000001798800000,0x0000001798900000) (1024K)]
  0x00000182fc37f1e0 JavaThread "Unconstrained build operations Thread 28"        [_thread_blocked, id=18804, stack(0x0000001798900000,0x0000001798a00000) (1024K)]
  0x00000182fc37f870 JavaThread "Unconstrained build operations Thread 29"        [_thread_in_native, id=7696, stack(0x0000001798a00000,0x0000001798b00000) (1024K)]
  0x00000182fdcd2870 JavaThread "Unconstrained build operations Thread 30"        [_thread_in_native, id=19520, stack(0x0000001798b00000,0x0000001798c00000) (1024K)]
  0x00000182fdcd3c20 JavaThread "Unconstrained build operations Thread 31"        [_thread_in_Java, id=19260, stack(0x0000001798c00000,0x0000001798d00000) (1024K)]
  0x00000182fdcd4940 JavaThread "Unconstrained build operations Thread 32"        [_thread_in_Java, id=20712, stack(0x0000001798d00000,0x0000001798e00000) (1024K)]
  0x00000182fdcd2f00 JavaThread "Unconstrained build operations Thread 33"        [_thread_in_native, id=21268, stack(0x0000001798e00000,0x0000001798f00000) (1024K)]
  0x00000182fdcd21e0 JavaThread "Unconstrained build operations Thread 34"        [_thread_in_native, id=2840, stack(0x0000001798f00000,0x0000001799000000) (1024K)]
  0x00000182fdcd3590 JavaThread "Unconstrained build operations Thread 35"        [_thread_in_Java, id=14132, stack(0x0000001799000000,0x0000001799100000) (1024K)]
  0x00000182fdcd42b0 JavaThread "Unconstrained build operations Thread 36"        [_thread_blocked, id=11776, stack(0x0000001799100000,0x0000001799200000) (1024K)]
  0x00000182fdcd14c0 JavaThread "Unconstrained build operations Thread 37"        [_thread_blocked, id=13716, stack(0x0000001799200000,0x0000001799300000) (1024K)]
  0x00000182fdcd4fd0 JavaThread "Unconstrained build operations Thread 38"        [_thread_blocked, id=5516, stack(0x0000001799300000,0x0000001799400000) (1024K)]
  0x00000182fdcd1b50 JavaThread "Unconstrained build operations Thread 39"        [_thread_blocked, id=15120, stack(0x0000001799400000,0x0000001799500000) (1024K)]
  0x00000182fdcd6a10 JavaThread "Unconstrained build operations Thread 40"        [_thread_blocked, id=21672, stack(0x0000001799500000,0x0000001799600000) (1024K)]
  0x00000182fdcd70a0 JavaThread "Unconstrained build operations Thread 41"        [_thread_blocked, id=17024, stack(0x0000001799600000,0x0000001799700000) (1024K)]
  0x00000182fdcd8450 JavaThread "Unconstrained build operations Thread 42"        [_thread_blocked, id=4396, stack(0x0000001799700000,0x0000001799800000) (1024K)]
  0x00000182fdcd7730 JavaThread "Unconstrained build operations Thread 43"        [_thread_blocked, id=18104, stack(0x0000001799800000,0x0000001799900000) (1024K)]
  0x00000182fdcd7dc0 JavaThread "Unconstrained build operations Thread 44"        [_thread_blocked, id=15432, stack(0x0000001799900000,0x0000001799a00000) (1024K)]
  0x00000182fdcd5660 JavaThread "Unconstrained build operations Thread 45"        [_thread_blocked, id=8480, stack(0x0000001799a00000,0x0000001799b00000) (1024K)]
  0x00000182fdcd8ae0 JavaThread "Unconstrained build operations Thread 46"        [_thread_blocked, id=12792, stack(0x0000001799b00000,0x0000001799c00000) (1024K)]
  0x00000182fdcd5cf0 JavaThread "Unconstrained build operations Thread 47"        [_thread_blocked, id=20760, stack(0x0000001799c00000,0x0000001799d00000) (1024K)]
  0x00000182fdcd6380 JavaThread "Unconstrained build operations Thread 48"        [_thread_blocked, id=21688, stack(0x0000001797900000,0x0000001797a00000) (1024K)]
  0x00000182fd0d54b0 JavaThread "Unconstrained build operations Thread 49"        [_thread_blocked, id=19356, stack(0x0000001799d00000,0x0000001799e00000) (1024K)]
  0x00000182fd0d6860 JavaThread "Unconstrained build operations Thread 50"        [_thread_blocked, id=16284, stack(0x0000001799e00000,0x0000001799f00000) (1024K)]
  0x00000182fd0d61d0 JavaThread "Unconstrained build operations Thread 51"        [_thread_blocked, id=5348, stack(0x0000001799f00000,0x000000179a000000) (1024K)]
  0x00000182fd0d6ef0 JavaThread "Unconstrained build operations Thread 52"        [_thread_blocked, id=17800, stack(0x000000179a000000,0x000000179a100000) (1024K)]
  0x00000182fd0d7580 JavaThread "Unconstrained build operations Thread 53"        [_thread_blocked, id=2204, stack(0x000000179a100000,0x000000179a200000) (1024K)]
  0x00000182fd0d5b40 JavaThread "Unconstrained build operations Thread 54"        [_thread_blocked, id=17476, stack(0x000000179a200000,0x000000179a300000) (1024K)]
  0x00000182fd0d82a0 JavaThread "Unconstrained build operations Thread 55"        [_thread_blocked, id=3768, stack(0x0000001792500000,0x0000001792600000) (1024K)]
  0x00000182fd0d8930 JavaThread "Unconstrained build operations Thread 56"        [_thread_blocked, id=16756, stack(0x0000001797700000,0x0000001797800000) (1024K)]
  0x00000182fd0da370 JavaThread "Unconstrained build operations Thread 57"        [_thread_blocked, id=18736, stack(0x000000179a300000,0x000000179a400000) (1024K)]
  0x00000182fd0db090 JavaThread "Unconstrained build operations Thread 58"        [_thread_blocked, id=16248, stack(0x000000179a400000,0x000000179a500000) (1024K)]
  0x00000182fd0dbdb0 JavaThread "Unconstrained build operations Thread 59"        [_thread_blocked, id=3580, stack(0x000000179a500000,0x000000179a600000) (1024K)]
  0x00000182fd0dc440 JavaThread "Unconstrained build operations Thread 60"        [_thread_blocked, id=9148, stack(0x000000179a600000,0x000000179a700000) (1024K)]
  0x00000182fd0dcad0 JavaThread "Unconstrained build operations Thread 61"        [_thread_blocked, id=17708, stack(0x000000179a700000,0x000000179a800000) (1024K)]
  0x00000182fb3d2af0 JavaThread "Unconstrained build operations Thread 62"        [_thread_blocked, id=12680, stack(0x0000001792400000,0x0000001792500000) (1024K)]
  0x00000182fb3d6600 JavaThread "Unconstrained build operations Thread 63"        [_thread_blocked, id=13280, stack(0x000000179a800000,0x000000179a900000) (1024K)]
  0x00000182fb3d3ea0 JavaThread "Unconstrained build operations Thread 64"        [_thread_blocked, id=21776, stack(0x000000179a900000,0x000000179aa00000) (1024K)]
  0x00000182fb3d6c90 JavaThread "Unconstrained build operations Thread 65"        [_thread_blocked, id=19184, stack(0x000000179aa00000,0x000000179ab00000) (1024K)]
  0x00000182fb3d7320 JavaThread "Unconstrained build operations Thread 66"        [_thread_blocked, id=7036, stack(0x000000179ab00000,0x000000179ac00000) (1024K)]
  0x00000182fb3d79b0 JavaThread "Unconstrained build operations Thread 67"        [_thread_blocked, id=14872, stack(0x000000179ac00000,0x000000179ad00000) (1024K)]
  0x00000182fb3d8040 JavaThread "Unconstrained build operations Thread 68"        [_thread_blocked, id=21536, stack(0x000000179ad00000,0x000000179ae00000) (1024K)]
  0x00000182fb3d86d0 JavaThread "Unconstrained build operations Thread 69"        [_thread_blocked, id=9492, stack(0x000000179ae00000,0x000000179af00000) (1024K)]
  0x00000182fb3d5250 JavaThread "Unconstrained build operations Thread 70"        [_thread_blocked, id=8408, stack(0x000000179af00000,0x000000179b000000) (1024K)]
  0x00000182fb3d8d60 JavaThread "Unconstrained build operations Thread 71"        [_thread_blocked, id=9116, stack(0x000000179b000000,0x000000179b100000) (1024K)]
  0x00000182fb3d93f0 JavaThread "Unconstrained build operations Thread 72"        [_thread_blocked, id=6996, stack(0x000000179b100000,0x000000179b200000) (1024K)]
  0x00000182fb3da110 JavaThread "Unconstrained build operations Thread 73"        [_thread_blocked, id=20356, stack(0x000000179b200000,0x000000179b300000) (1024K)]
  0x00000182fceaffb0 JavaThread "Unconstrained build operations Thread 74"        [_thread_blocked, id=18240, stack(0x000000179b300000,0x000000179b400000) (1024K)]
  0x00000182fceaf290 JavaThread "Unconstrained build operations Thread 75"        [_thread_blocked, id=21044, stack(0x000000179b400000,0x000000179b500000) (1024K)]
  0x00000182fceb2710 JavaThread "Unconstrained build operations Thread 76"        [_thread_blocked, id=19352, stack(0x000000179b600000,0x000000179b700000) (1024K)]
  0x00000182fceb2da0 JavaThread "Unconstrained build operations Thread 77"        [_thread_blocked, id=20552, stack(0x000000179b700000,0x000000179b800000) (1024K)]
  0x00000182fceb2080 JavaThread "Unconstrained build operations Thread 78"        [_thread_blocked, id=10376, stack(0x000000179b500000,0x000000179b600000) (1024K)]
  0x00000182fceb0640 JavaThread "Unconstrained build operations Thread 79"        [_thread_blocked, id=18716, stack(0x000000179ba00000,0x000000179bb00000) (1024K)]
  0x00000182fceb0cd0 JavaThread "Unconstrained build operations Thread 80"        [_thread_blocked, id=15436, stack(0x000000179bb00000,0x000000179bc00000) (1024K)]
=>0x00000182fdc8c540 JavaThread "C2 CompilerThread1"         daemon [_thread_in_native, id=14136, stack(0x0000001792600000,0x0000001792700000) (1024K)]
  0x00000182fdc8e750 JavaThread "C2 CompilerThread2"         daemon [_thread_in_native, id=19556, stack(0x0000001797a00000,0x0000001797b00000) (1024K)]
Total: 134

Other Threads:
  0x00000182d9bf99e0 VMThread "VM Thread"                           [id=18656, stack(0x0000001792e00000,0x0000001792f00000) (1024K)]
  0x00000182d9be81f0 WatcherThread "VM Periodic Task Thread"        [id=5880, stack(0x0000001792d00000,0x0000001792e00000) (1024K)]
  0x00000182bfd475a0 WorkerThread "GC Thread#0"                     [id=21368, stack(0x0000001792800000,0x0000001792900000) (1024K)]
  0x00000182f979cf40 WorkerThread "GC Thread#1"                     [id=19888, stack(0x0000001793900000,0x0000001793a00000) (1024K)]
  0x00000182f93125c0 WorkerThread "GC Thread#2"                     [id=10756, stack(0x0000001793a00000,0x0000001793b00000) (1024K)]
  0x00000182f9ebc0b0 WorkerThread "GC Thread#3"                     [id=2380, stack(0x0000001793b00000,0x0000001793c00000) (1024K)]
  0x00000182f9a4a3a0 WorkerThread "GC Thread#4"                     [id=22484, stack(0x0000001793c00000,0x0000001793d00000) (1024K)]
  0x00000182fabe8910 WorkerThread "GC Thread#5"                     [id=15336, stack(0x0000001793f00000,0x0000001794000000) (1024K)]
  0x00000182fabe8cc0 WorkerThread "GC Thread#6"                     [id=5192, stack(0x0000001794000000,0x0000001794100000) (1024K)]
  0x00000182fabe9070 WorkerThread "GC Thread#7"                     [id=21516, stack(0x0000001794100000,0x0000001794200000) (1024K)]
  0x00000182bfd584a0 ConcurrentGCThread "G1 Main Marker"            [id=19688, stack(0x0000001792900000,0x0000001792a00000) (1024K)]
  0x00000182bfd58ec0 WorkerThread "G1 Conc#0"                       [id=14260, stack(0x0000001792a00000,0x0000001792b00000) (1024K)]
  0x00000182fd6545f0 WorkerThread "G1 Conc#1"                       [id=14944, stack(0x0000001795000000,0x0000001795100000) (1024K)]
  0x00000182bfd9eb00 ConcurrentGCThread "G1 Refine#0"               [id=9548, stack(0x0000001792b00000,0x0000001792c00000) (1024K)]
  0x00000182d9ab4b20 ConcurrentGCThread "G1 Service"                [id=17424, stack(0x0000001792c00000,0x0000001792d00000) (1024K)]
Total: 15

Threads with active compile tasks:
C2 CompilerThread0  131881 16240       4       org.objectweb.asm.ClassReader::readCode (5117 bytes)
C2 CompilerThread1  131881 16211       4       org.gradle.internal.classpath.transforms.BaseClasspathElementTransform$$Lambda/0x00000182db746dc0::visit (13 bytes)
C2 CompilerThread2  131881 16210   !   4       org.gradle.internal.classpath.transforms.BaseClasspathElementTransform::visitEntry (95 bytes)
Total: 3

VM state: not at safepoint (normal execution)

VM Mutex/Monitor currently owned by a thread: None

Heap address: 0x0000000700000000, size: 4096 MB, Compressed Oops mode: Zero based, Oop shift amount: 3

CDS archive(s) mapped at: [0x00000182da000000-0x00000182daba0000-0x00000182daba0000), size 12189696, SharedBaseAddress: 0x00000182da000000, ArchiveRelocationMode: 1.
Compressed class space mapped at: 0x00000182db000000-0x00000182f5000000, reserved size: 436207616
Narrow klass base: 0x00000182da000000, Narrow klass shift: 0, Narrow klass range: 0x100000000

GC Precious Log:
 CardTable entry size: 512
 Card Set container configuration: InlinePtr #cards 4 size 8 Array Of Cards #cards 16 size 48 Howl #buckets 8 coarsen threshold 3686 Howl Bitmap #cards 512 size 80 coarsen threshold 460 Card regions per heap region 1 cards per card region 4096
 CPUs: 8 total, 8 available
 Memory: 8030M
 Large Page Support: Disabled
 NUMA Support: Disabled
 Compressed Oops: Enabled (Zero based)
 Heap Region Size: 2M
 Heap Min Capacity: 8M
 Heap Initial Capacity: 126M
 Heap Max Capacity: 4G
 Pre-touch: Disabled
 Parallel Workers: 8
 Concurrent Workers: 2
 Concurrent Refinement Workers: 8
 Periodic GC: Disabled

Heap:
 garbage-first heap   total 356352K, used 223892K [0x0000000700000000, 0x0000000800000000)
  region size 2048K, 27 young (55296K), 4 survivors (8192K)
 Metaspace       used 90260K, committed 92416K, reserved 557056K
  class space    used 12701K, committed 13760K, reserved 425984K

Heap Regions: E=young(eden), S=young(survivor), O=old, HS=humongous(starts), HC=humongous(continues), CS=collection set, F=free, TAMS=top-at-mark-start, PB=parsable bottom
|   0|0x0000000700000000, 0x0000000700200000, 0x0000000700200000|100%| O|  |TAMS 0x0000000700200000| PB 0x0000000700000000| Untracked 
|   1|0x0000000700200000, 0x0000000700400000, 0x0000000700400000|100%|HS|  |TAMS 0x0000000700400000| PB 0x0000000700200000| Complete 
|   2|0x0000000700400000, 0x0000000700600000, 0x0000000700600000|100%|HC|  |TAMS 0x0000000700600000| PB 0x0000000700400000| Complete 
|   3|0x0000000700600000, 0x0000000700800000, 0x0000000700800000|100%| O|  |TAMS 0x0000000700800000| PB 0x0000000700600000| Untracked 
|   4|0x0000000700800000, 0x0000000700a00000, 0x0000000700a00000|100%| O|  |TAMS 0x0000000700a00000| PB 0x0000000700800000| Untracked 
|   5|0x0000000700a00000, 0x0000000700c00000, 0x0000000700c00000|100%| O|  |TAMS 0x0000000700c00000| PB 0x0000000700a00000| Updating 
|   6|0x0000000700c00000, 0x0000000700e00000, 0x0000000700e00000|100%| O|  |TAMS 0x0000000700e00000| PB 0x0000000700c00000| Untracked 
|   7|0x0000000700e00000, 0x0000000701000000, 0x0000000701000000|100%| O|  |TAMS 0x0000000701000000| PB 0x0000000700e00000| Untracked 
|   8|0x0000000701000000, 0x0000000701200000, 0x0000000701200000|100%| O|  |TAMS 0x0000000701200000| PB 0x0000000701000000| Untracked 
|   9|0x0000000701200000, 0x0000000701400000, 0x0000000701400000|100%| O|  |TAMS 0x0000000701400000| PB 0x0000000701200000| Untracked 
|  10|0x0000000701400000, 0x0000000701600000, 0x0000000701600000|100%| O|  |TAMS 0x0000000701600000| PB 0x0000000701400000| Untracked 
|  11|0x0000000701600000, 0x0000000701800000, 0x0000000701800000|100%| O|  |TAMS 0x0000000701800000| PB 0x0000000701600000| Untracked 
|  12|0x0000000701800000, 0x0000000701a00000, 0x0000000701a00000|100%| O|  |TAMS 0x0000000701a00000| PB 0x0000000701800000| Untracked 
|  13|0x0000000701a00000, 0x0000000701c00000, 0x0000000701c00000|100%| O|  |TAMS 0x0000000701c00000| PB 0x0000000701a00000| Untracked 
|  14|0x0000000701c00000, 0x0000000701e00000, 0x0000000701e00000|100%| O|  |TAMS 0x0000000701e00000| PB 0x0000000701c00000| Untracked 
|  15|0x0000000701e00000, 0x0000000702000000, 0x0000000702000000|100%| O|  |TAMS 0x0000000702000000| PB 0x0000000701e00000| Untracked 
|  16|0x0000000702000000, 0x0000000702200000, 0x0000000702200000|100%| O|  |TAMS 0x0000000702200000| PB 0x0000000702000000| Untracked 
|  17|0x0000000702200000, 0x0000000702400000, 0x0000000702400000|100%| O|  |TAMS 0x0000000702400000| PB 0x0000000702200000| Updating 
|  18|0x0000000702400000, 0x0000000702600000, 0x0000000702600000|100%| O|  |TAMS 0x0000000702600000| PB 0x0000000702400000| Untracked 
|  19|0x0000000702600000, 0x0000000702800000, 0x0000000702800000|100%| O|  |TAMS 0x0000000702800000| PB 0x0000000702600000| Untracked 
|  20|0x0000000702800000, 0x0000000702a00000, 0x0000000702a00000|100%| O|  |TAMS 0x0000000702a00000| PB 0x0000000702800000| Updating 
|  21|0x0000000702a00000, 0x0000000702c00000, 0x0000000702c00000|100%|HS|  |TAMS 0x0000000702c00000| PB 0x0000000702a00000| Complete 
|  22|0x0000000702c00000, 0x0000000702e00000, 0x0000000702e00000|100%|HS|  |TAMS 0x0000000702e00000| PB 0x0000000702c00000| Complete 
|  23|0x0000000702e00000, 0x0000000703000000, 0x0000000703000000|100%| O|  |TAMS 0x0000000703000000| PB 0x0000000702e00000| Updating 
|  24|0x0000000703000000, 0x0000000703200000, 0x0000000703200000|100%| O|  |TAMS 0x0000000703200000| PB 0x0000000703000000| Untracked 
|  25|0x0000000703200000, 0x0000000703400000, 0x0000000703400000|100%|HS|  |TAMS 0x0000000703400000| PB 0x0000000703200000| Complete 
|  26|0x0000000703400000, 0x0000000703600000, 0x0000000703600000|100%|HC|  |TAMS 0x0000000703600000| PB 0x0000000703400000| Complete 
|  27|0x0000000703600000, 0x0000000703800000, 0x0000000703800000|100%|HS|  |TAMS 0x0000000703800000| PB 0x0000000703600000| Complete 
|  28|0x0000000703800000, 0x0000000703a00000, 0x0000000703a00000|100%|HC|  |TAMS 0x0000000703a00000| PB 0x0000000703800000| Complete 
|  29|0x0000000703a00000, 0x0000000703c00000, 0x0000000703c00000|100%| O|  |TAMS 0x0000000703c00000| PB 0x0000000703a00000| Untracked 
|  30|0x0000000703c00000, 0x0000000703e00000, 0x0000000703e00000|100%| O|  |TAMS 0x0000000703e00000| PB 0x0000000703c00000| Untracked 
|  31|0x0000000703e00000, 0x0000000704000000, 0x0000000704000000|100%| O|  |TAMS 0x0000000704000000| PB 0x0000000703e00000| Untracked 
|  32|0x0000000704000000, 0x0000000704200000, 0x0000000704200000|100%| O|  |TAMS 0x0000000704200000| PB 0x0000000704000000| Untracked 
|  33|0x0000000704200000, 0x0000000704400000, 0x0000000704400000|100%| O|  |TAMS 0x0000000704400000| PB 0x0000000704200000| Untracked 
|  34|0x0000000704400000, 0x0000000704600000, 0x0000000704600000|100%| O|  |TAMS 0x0000000704600000| PB 0x0000000704400000| Untracked 
|  35|0x0000000704600000, 0x0000000704800000, 0x0000000704800000|100%| O|  |TAMS 0x0000000704800000| PB 0x0000000704600000| Untracked 
|  36|0x0000000704800000, 0x0000000704a00000, 0x0000000704a00000|100%| O|  |TAMS 0x0000000704a00000| PB 0x0000000704800000| Updating 
|  37|0x0000000704a00000, 0x0000000704c00000, 0x0000000704c00000|100%| O|  |TAMS 0x0000000704c00000| PB 0x0000000704a00000| Updating 
|  38|0x0000000704c00000, 0x0000000704e00000, 0x0000000704e00000|100%| O|  |TAMS 0x0000000704e00000| PB 0x0000000704c00000| Updating 
|  39|0x0000000704e00000, 0x0000000705000000, 0x0000000705000000|100%| O|  |TAMS 0x0000000705000000| PB 0x0000000704e00000| Updating 
|  40|0x0000000705000000, 0x0000000705200000, 0x0000000705200000|100%| O|  |TAMS 0x0000000705200000| PB 0x0000000705200000| Untracked 
|  41|0x0000000705200000, 0x0000000705200000, 0x0000000705400000|  0%| F|  |TAMS 0x0000000705200000| PB 0x0000000705200000| Untracked 
|  42|0x0000000705400000, 0x0000000705600000, 0x0000000705600000|100%| O|  |TAMS 0x0000000705600000| PB 0x0000000705600000| Updating 
|  43|0x0000000705600000, 0x0000000705800000, 0x0000000705800000|100%| O|  |TAMS 0x0000000705800000| PB 0x0000000705800000| Updating 
|  44|0x0000000705800000, 0x0000000705a00000, 0x0000000705a00000|100%| O|  |TAMS 0x0000000705a00000| PB 0x0000000705a00000| Untracked 
|  45|0x0000000705a00000, 0x0000000705c00000, 0x0000000705c00000|100%|HS|  |TAMS 0x0000000705c00000| PB 0x0000000705a00000| Complete 
|  46|0x0000000705c00000, 0x0000000705e00000, 0x0000000705e00000|100%| O|  |TAMS 0x0000000705e00000| PB 0x0000000705e00000| Untracked 
|  47|0x0000000705e00000, 0x0000000706000000, 0x0000000706000000|100%| O|  |TAMS 0x0000000706000000| PB 0x0000000706000000| Untracked 
|  48|0x0000000706000000, 0x0000000706200000, 0x0000000706200000|100%| O|  |TAMS 0x0000000706200000| PB 0x0000000706200000| Updating 
|  49|0x0000000706200000, 0x0000000706400000, 0x0000000706400000|100%| O|  |TAMS 0x0000000706400000| PB 0x0000000706400000| Untracked 
|  50|0x0000000706400000, 0x0000000706600000, 0x0000000706600000|100%| O|  |TAMS 0x0000000706600000| PB 0x0000000706600000| Updating 
|  51|0x0000000706600000, 0x00000007066a5168, 0x0000000706800000| 32%| O|  |TAMS 0x00000007066a5168| PB 0x00000007066a5168| Updating 
|  52|0x0000000706800000, 0x0000000706800000, 0x0000000706a00000|  0%| F|  |TAMS 0x0000000706800000| PB 0x0000000706800000| Untracked 
|  53|0x0000000706a00000, 0x0000000706c00000, 0x0000000706c00000|100%| O|  |TAMS 0x0000000706c00000| PB 0x0000000706c00000| Untracked 
|  54|0x0000000706c00000, 0x0000000706e00000, 0x0000000706e00000|100%| O|  |TAMS 0x0000000706e00000| PB 0x0000000706e00000| Untracked 
|  55|0x0000000706e00000, 0x0000000707000000, 0x0000000707000000|100%| O|  |TAMS 0x0000000707000000| PB 0x0000000707000000| Updating 
|  56|0x0000000707000000, 0x0000000707200000, 0x0000000707200000|100%| O|  |TAMS 0x0000000707200000| PB 0x0000000707200000| Updating 
|  57|0x0000000707200000, 0x0000000707400000, 0x0000000707400000|100%| O|  |TAMS 0x0000000707400000| PB 0x0000000707400000| Untracked 
|  58|0x0000000707400000, 0x0000000707600000, 0x0000000707600000|100%| O|  |TAMS 0x0000000707600000| PB 0x0000000707600000| Untracked 
|  59|0x0000000707600000, 0x0000000707600000, 0x0000000707800000|  0%| F|  |TAMS 0x0000000707600000| PB 0x0000000707600000| Untracked 
|  60|0x0000000707800000, 0x0000000707a00000, 0x0000000707a00000|100%| O|  |TAMS 0x0000000707a00000| PB 0x0000000707a00000| Untracked 
|  61|0x0000000707a00000, 0x0000000707a00000, 0x0000000707c00000|  0%| F|  |TAMS 0x0000000707a00000| PB 0x0000000707a00000| Untracked 
|  62|0x0000000707c00000, 0x0000000707c00000, 0x0000000707e00000|  0%| F|  |TAMS 0x0000000707c00000| PB 0x0000000707c00000| Untracked 
|  63|0x0000000707e00000, 0x0000000708000000, 0x0000000708000000|100%| O|  |TAMS 0x0000000708000000| PB 0x0000000708000000| Updating 
|  64|0x0000000708000000, 0x0000000708200000, 0x0000000708200000|100%| O|  |TAMS 0x0000000708200000| PB 0x0000000708200000| Untracked 
|  65|0x0000000708200000, 0x0000000708400000, 0x0000000708400000|100%| O|  |TAMS 0x0000000708400000| PB 0x0000000708400000| Untracked 
|  66|0x0000000708400000, 0x0000000708400000, 0x0000000708600000|  0%| F|  |TAMS 0x0000000708400000| PB 0x0000000708400000| Untracked 
|  67|0x0000000708600000, 0x0000000708800000, 0x0000000708800000|100%| S|CS|TAMS 0x0000000708600000| PB 0x0000000708600000| Complete 
|  68|0x0000000708800000, 0x0000000708a00000, 0x0000000708a00000|100%| O|  |TAMS 0x0000000708a00000| PB 0x0000000708a00000| Untracked 
|  69|0x0000000708a00000, 0x0000000708c00000, 0x0000000708c00000|100%| O|  |TAMS 0x0000000708c00000| PB 0x0000000708c00000| Untracked 
|  70|0x0000000708c00000, 0x0000000708e00000, 0x0000000708e00000|100%| O|  |TAMS 0x0000000708e00000| PB 0x0000000708e00000| Untracked 
|  71|0x0000000708e00000, 0x0000000709000000, 0x0000000709000000|100%| O|  |TAMS 0x0000000709000000| PB 0x0000000709000000| Untracked 
|  72|0x0000000709000000, 0x0000000709200000, 0x0000000709200000|100%| O|  |TAMS 0x0000000709200000| PB 0x0000000709200000| Untracked 
|  73|0x0000000709200000, 0x0000000709400000, 0x0000000709400000|100%| O|  |TAMS 0x0000000709400000| PB 0x0000000709400000| Untracked 
|  74|0x0000000709400000, 0x0000000709600000, 0x0000000709600000|100%| O|  |TAMS 0x0000000709600000| PB 0x0000000709600000| Untracked 
|  75|0x0000000709600000, 0x0000000709800000, 0x0000000709800000|100%| O|  |TAMS 0x0000000709800000| PB 0x0000000709800000| Updating 
|  76|0x0000000709800000, 0x0000000709a00000, 0x0000000709a00000|100%| S|CS|TAMS 0x0000000709800000| PB 0x0000000709800000| Complete 
|  77|0x0000000709a00000, 0x0000000709c00000, 0x0000000709c00000|100%| O|  |TAMS 0x0000000709c00000| PB 0x0000000709c00000| Updating 
|  78|0x0000000709c00000, 0x0000000709e00000, 0x0000000709e00000|100%| S|CS|TAMS 0x0000000709c00000| PB 0x0000000709c00000| Complete 
|  79|0x0000000709e00000, 0x000000070a000000, 0x000000070a000000|100%| S|CS|TAMS 0x0000000709e00000| PB 0x0000000709e00000| Complete 
|  80|0x000000070a000000, 0x000000070a000000, 0x000000070a200000|  0%| F|  |TAMS 0x000000070a000000| PB 0x000000070a000000| Untracked 
|  81|0x000000070a200000, 0x000000070a200000, 0x000000070a400000|  0%| F|  |TAMS 0x000000070a200000| PB 0x000000070a200000| Untracked 
|  82|0x000000070a400000, 0x000000070a400000, 0x000000070a600000|  0%| F|  |TAMS 0x000000070a400000| PB 0x000000070a400000| Untracked 
|  83|0x000000070a600000, 0x000000070a600000, 0x000000070a800000|  0%| F|  |TAMS 0x000000070a600000| PB 0x000000070a600000| Untracked 
|  84|0x000000070a800000, 0x000000070a800000, 0x000000070aa00000|  0%| F|  |TAMS 0x000000070a800000| PB 0x000000070a800000| Untracked 
|  85|0x000000070aa00000, 0x000000070aa00000, 0x000000070ac00000|  0%| F|  |TAMS 0x000000070aa00000| PB 0x000000070aa00000| Untracked 
|  86|0x000000070ac00000, 0x000000070ac00000, 0x000000070ae00000|  0%| F|  |TAMS 0x000000070ac00000| PB 0x000000070ac00000| Untracked 
|  87|0x000000070ae00000, 0x000000070ae00000, 0x000000070b000000|  0%| F|  |TAMS 0x000000070ae00000| PB 0x000000070ae00000| Untracked 
|  88|0x000000070b000000, 0x000000070b000000, 0x000000070b200000|  0%| F|  |TAMS 0x000000070b000000| PB 0x000000070b000000| Untracked 
|  89|0x000000070b200000, 0x000000070b200000, 0x000000070b400000|  0%| F|  |TAMS 0x000000070b200000| PB 0x000000070b200000| Untracked 
|  90|0x000000070b400000, 0x000000070b400000, 0x000000070b600000|  0%| F|  |TAMS 0x000000070b400000| PB 0x000000070b400000| Untracked 
|  91|0x000000070b600000, 0x000000070b600000, 0x000000070b800000|  0%| F|  |TAMS 0x000000070b600000| PB 0x000000070b600000| Untracked 
|  92|0x000000070b800000, 0x000000070b800000, 0x000000070ba00000|  0%| F|  |TAMS 0x000000070b800000| PB 0x000000070b800000| Untracked 
|  93|0x000000070ba00000, 0x000000070ba00000, 0x000000070bc00000|  0%| F|  |TAMS 0x000000070ba00000| PB 0x000000070ba00000| Untracked 
|  94|0x000000070bc00000, 0x000000070bc00000, 0x000000070be00000|  0%| F|  |TAMS 0x000000070bc00000| PB 0x000000070bc00000| Untracked 
|  95|0x000000070be00000, 0x000000070be00000, 0x000000070c000000|  0%| F|  |TAMS 0x000000070be00000| PB 0x000000070be00000| Untracked 
|  96|0x000000070c000000, 0x000000070c000000, 0x000000070c200000|  0%| F|  |TAMS 0x000000070c000000| PB 0x000000070c000000| Untracked 
|  97|0x000000070c200000, 0x000000070c200000, 0x000000070c400000|  0%| F|  |TAMS 0x000000070c200000| PB 0x000000070c200000| Untracked 
|  98|0x000000070c400000, 0x000000070c400000, 0x000000070c600000|  0%| F|  |TAMS 0x000000070c400000| PB 0x000000070c400000| Untracked 
|  99|0x000000070c600000, 0x000000070c600000, 0x000000070c800000|  0%| F|  |TAMS 0x000000070c600000| PB 0x000000070c600000| Untracked 
| 100|0x000000070c800000, 0x000000070c800000, 0x000000070ca00000|  0%| F|  |TAMS 0x000000070c800000| PB 0x000000070c800000| Untracked 
| 101|0x000000070ca00000, 0x000000070ca00000, 0x000000070cc00000|  0%| F|  |TAMS 0x000000070ca00000| PB 0x000000070ca00000| Untracked 
| 102|0x000000070cc00000, 0x000000070cc00000, 0x000000070ce00000|  0%| F|  |TAMS 0x000000070cc00000| PB 0x000000070cc00000| Untracked 
| 103|0x000000070ce00000, 0x000000070ce00000, 0x000000070d000000|  0%| F|  |TAMS 0x000000070ce00000| PB 0x000000070ce00000| Untracked 
| 104|0x000000070d000000, 0x000000070d000000, 0x000000070d200000|  0%| F|  |TAMS 0x000000070d000000| PB 0x000000070d000000| Untracked 
| 105|0x000000070d200000, 0x000000070d200000, 0x000000070d400000|  0%| F|  |TAMS 0x000000070d200000| PB 0x000000070d200000| Untracked 
| 106|0x000000070d400000, 0x000000070d400000, 0x000000070d600000|  0%| F|  |TAMS 0x000000070d400000| PB 0x000000070d400000| Untracked 
| 107|0x000000070d600000, 0x000000070d600000, 0x000000070d800000|  0%| F|  |TAMS 0x000000070d600000| PB 0x000000070d600000| Untracked 
| 108|0x000000070d800000, 0x000000070d800000, 0x000000070da00000|  0%| F|  |TAMS 0x000000070d800000| PB 0x000000070d800000| Untracked 
| 109|0x000000070da00000, 0x000000070da00000, 0x000000070dc00000|  0%| F|  |TAMS 0x000000070da00000| PB 0x000000070da00000| Untracked 
| 110|0x000000070dc00000, 0x000000070dc00000, 0x000000070de00000|  0%| F|  |TAMS 0x000000070dc00000| PB 0x000000070dc00000| Untracked 
| 111|0x000000070de00000, 0x000000070de00000, 0x000000070e000000|  0%| F|  |TAMS 0x000000070de00000| PB 0x000000070de00000| Untracked 
| 112|0x000000070e000000, 0x000000070e000000, 0x000000070e200000|  0%| F|  |TAMS 0x000000070e000000| PB 0x000000070e000000| Untracked 
| 113|0x000000070e200000, 0x000000070e200000, 0x000000070e400000|  0%| F|  |TAMS 0x000000070e200000| PB 0x000000070e200000| Untracked 
| 114|0x000000070e400000, 0x000000070e400000, 0x000000070e600000|  0%| F|  |TAMS 0x000000070e400000| PB 0x000000070e400000| Untracked 
| 115|0x000000070e600000, 0x000000070e600000, 0x000000070e800000|  0%| F|  |TAMS 0x000000070e600000| PB 0x000000070e600000| Untracked 
| 116|0x000000070e800000, 0x000000070e800000, 0x000000070ea00000|  0%| F|  |TAMS 0x000000070e800000| PB 0x000000070e800000| Untracked 
| 117|0x000000070ea00000, 0x000000070ea00000, 0x000000070ec00000|  0%| F|  |TAMS 0x000000070ea00000| PB 0x000000070ea00000| Untracked 
| 118|0x000000070ec00000, 0x000000070ec00000, 0x000000070ee00000|  0%| F|  |TAMS 0x000000070ec00000| PB 0x000000070ec00000| Untracked 
| 119|0x000000070ee00000, 0x000000070ee00000, 0x000000070f000000|  0%| F|  |TAMS 0x000000070ee00000| PB 0x000000070ee00000| Untracked 
| 120|0x000000070f000000, 0x000000070f000000, 0x000000070f200000|  0%| F|  |TAMS 0x000000070f000000| PB 0x000000070f000000| Untracked 
| 121|0x000000070f200000, 0x000000070f200000, 0x000000070f400000|  0%| F|  |TAMS 0x000000070f200000| PB 0x000000070f200000| Untracked 
| 122|0x000000070f400000, 0x000000070f400000, 0x000000070f600000|  0%| F|  |TAMS 0x000000070f400000| PB 0x000000070f400000| Untracked 
| 123|0x000000070f600000, 0x000000070f600000, 0x000000070f800000|  0%| F|  |TAMS 0x000000070f600000| PB 0x000000070f600000| Untracked 
| 124|0x000000070f800000, 0x000000070f800000, 0x000000070fa00000|  0%| F|  |TAMS 0x000000070f800000| PB 0x000000070f800000| Untracked 
| 125|0x000000070fa00000, 0x000000070fa00000, 0x000000070fc00000|  0%| F|  |TAMS 0x000000070fa00000| PB 0x000000070fa00000| Untracked 
| 126|0x000000070fc00000, 0x000000070fc00000, 0x000000070fe00000|  0%| F|  |TAMS 0x000000070fc00000| PB 0x000000070fc00000| Untracked 
| 127|0x000000070fe00000, 0x000000070fe00000, 0x0000000710000000|  0%| F|  |TAMS 0x000000070fe00000| PB 0x000000070fe00000| Untracked 
| 128|0x0000000710000000, 0x0000000710000000, 0x0000000710200000|  0%| F|  |TAMS 0x0000000710000000| PB 0x0000000710000000| Untracked 
| 129|0x0000000710200000, 0x0000000710200000, 0x0000000710400000|  0%| F|  |TAMS 0x0000000710200000| PB 0x0000000710200000| Untracked 
| 130|0x0000000710400000, 0x0000000710400000, 0x0000000710600000|  0%| F|  |TAMS 0x0000000710400000| PB 0x0000000710400000| Untracked 
| 131|0x0000000710600000, 0x0000000710600000, 0x0000000710800000|  0%| F|  |TAMS 0x0000000710600000| PB 0x0000000710600000| Untracked 
| 132|0x0000000710800000, 0x0000000710800000, 0x0000000710a00000|  0%| F|  |TAMS 0x0000000710800000| PB 0x0000000710800000| Untracked 
| 133|0x0000000710a00000, 0x0000000710a00000, 0x0000000710c00000|  0%| F|  |TAMS 0x0000000710a00000| PB 0x0000000710a00000| Untracked 
| 134|0x0000000710c00000, 0x0000000710c00000, 0x0000000710e00000|  0%| F|  |TAMS 0x0000000710c00000| PB 0x0000000710c00000| Untracked 
| 135|0x0000000710e00000, 0x0000000710f733b0, 0x0000000711000000| 72%| E|  |TAMS 0x0000000710e00000| PB 0x0000000710e00000| Complete 
| 136|0x0000000711000000, 0x0000000711200000, 0x0000000711200000|100%| E|CS|TAMS 0x0000000711000000| PB 0x0000000711000000| Complete 
| 137|0x0000000711200000, 0x0000000711400000, 0x0000000711400000|100%| E|CS|TAMS 0x0000000711200000| PB 0x0000000711200000| Complete 
| 138|0x0000000711400000, 0x0000000711600000, 0x0000000711600000|100%| E|CS|TAMS 0x0000000711400000| PB 0x0000000711400000| Complete 
| 139|0x0000000711600000, 0x0000000711800000, 0x0000000711800000|100%| E|CS|TAMS 0x0000000711600000| PB 0x0000000711600000| Complete 
| 140|0x0000000711800000, 0x0000000711a00000, 0x0000000711a00000|100%| E|CS|TAMS 0x0000000711800000| PB 0x0000000711800000| Complete 
| 141|0x0000000711a00000, 0x0000000711c00000, 0x0000000711c00000|100%| E|CS|TAMS 0x0000000711a00000| PB 0x0000000711a00000| Complete 
| 142|0x0000000711c00000, 0x0000000711e00000, 0x0000000711e00000|100%| E|CS|TAMS 0x0000000711c00000| PB 0x0000000711c00000| Complete 
| 143|0x0000000711e00000, 0x0000000712000000, 0x0000000712000000|100%| E|CS|TAMS 0x0000000711e00000| PB 0x0000000711e00000| Complete 
| 144|0x0000000712000000, 0x0000000712200000, 0x0000000712200000|100%| E|CS|TAMS 0x0000000712000000| PB 0x0000000712000000| Complete 
| 145|0x0000000712200000, 0x0000000712400000, 0x0000000712400000|100%| E|CS|TAMS 0x0000000712200000| PB 0x0000000712200000| Complete 
| 146|0x0000000712400000, 0x0000000712600000, 0x0000000712600000|100%| E|CS|TAMS 0x0000000712400000| PB 0x0000000712400000| Complete 
| 147|0x0000000712600000, 0x0000000712800000, 0x0000000712800000|100%| E|CS|TAMS 0x0000000712600000| PB 0x0000000712600000| Complete 
| 148|0x0000000712800000, 0x0000000712a00000, 0x0000000712a00000|100%| E|CS|TAMS 0x0000000712800000| PB 0x0000000712800000| Complete 
| 149|0x0000000712a00000, 0x0000000712c00000, 0x0000000712c00000|100%| E|CS|TAMS 0x0000000712a00000| PB 0x0000000712a00000| Complete 
| 150|0x0000000712c00000, 0x0000000712e00000, 0x0000000712e00000|100%| E|CS|TAMS 0x0000000712c00000| PB 0x0000000712c00000| Complete 
| 151|0x0000000712e00000, 0x0000000713000000, 0x0000000713000000|100%| E|  |TAMS 0x0000000712e00000| PB 0x0000000712e00000| Complete 
| 152|0x0000000713000000, 0x0000000713200000, 0x0000000713200000|100%| E|CS|TAMS 0x0000000713000000| PB 0x0000000713000000| Complete 
| 153|0x0000000713200000, 0x0000000713400000, 0x0000000713400000|100%| E|CS|TAMS 0x0000000713200000| PB 0x0000000713200000| Complete 
| 154|0x0000000713400000, 0x0000000713600000, 0x0000000713600000|100%| E|CS|TAMS 0x0000000713400000| PB 0x0000000713400000| Complete 
| 155|0x0000000713600000, 0x0000000713800000, 0x0000000713800000|100%| E|CS|TAMS 0x0000000713600000| PB 0x0000000713600000| Complete 
|2030|0x00000007fdc00000, 0x00000007fde00000, 0x00000007fde00000|100%| O|  |TAMS 0x00000007fde00000| PB 0x00000007fdc00000| Updating 
|2031|0x00000007fde00000, 0x00000007fe000000, 0x00000007fe000000|100%| O|  |TAMS 0x00000007fe000000| PB 0x00000007fde00000| Untracked 
|2032|0x00000007fe000000, 0x00000007fe200000, 0x00000007fe200000|100%| O|  |TAMS 0x00000007fe200000| PB 0x00000007fe000000| Untracked 
|2033|0x00000007fe200000, 0x00000007fe400000, 0x00000007fe400000|100%| O|  |TAMS 0x00000007fe400000| PB 0x00000007fe200000| Untracked 
|2034|0x00000007fe400000, 0x00000007fe600000, 0x00000007fe600000|100%| O|  |TAMS 0x00000007fe600000| PB 0x00000007fe400000| Untracked 
|2035|0x00000007fe600000, 0x00000007fe800000, 0x00000007fe800000|100%| O|  |TAMS 0x00000007fe800000| PB 0x00000007fe600000| Untracked 
|2036|0x00000007fe800000, 0x00000007fea00000, 0x00000007fea00000|100%| O|  |TAMS 0x00000007fea00000| PB 0x00000007fe800000| Untracked 
|2037|0x00000007fea00000, 0x00000007fec00000, 0x00000007fec00000|100%| O|  |TAMS 0x00000007fec00000| PB 0x00000007fea00000| Untracked 
|2038|0x00000007fec00000, 0x00000007fee00000, 0x00000007fee00000|100%| O|  |TAMS 0x00000007fee00000| PB 0x00000007fec00000| Untracked 
|2039|0x00000007fee00000, 0x00000007ff000000, 0x00000007ff000000|100%| O|  |TAMS 0x00000007ff000000| PB 0x00000007fee00000| Untracked 
|2040|0x00000007ff000000, 0x00000007ff200000, 0x00000007ff200000|100%| O|  |TAMS 0x00000007ff200000| PB 0x00000007ff000000| Updating 
|2041|0x00000007ff200000, 0x00000007ff400000, 0x00000007ff400000|100%| O|  |TAMS 0x00000007ff400000| PB 0x00000007ff200000| Untracked 
|2042|0x00000007ff400000, 0x00000007ff600000, 0x00000007ff600000|100%| E|CS|TAMS 0x00000007ff400000| PB 0x00000007ff400000| Complete 
|2043|0x00000007ff600000, 0x00000007ff800000, 0x00000007ff800000|100%| O|  |TAMS 0x00000007ff800000| PB 0x00000007ff600000| Untracked 
|2044|0x00000007ff800000, 0x00000007ffa00000, 0x00000007ffa00000|100%| E|CS|TAMS 0x00000007ff800000| PB 0x00000007ff800000| Complete 
|2045|0x00000007ffa00000, 0x00000007ffc00000, 0x00000007ffc00000|100%| E|CS|TAMS 0x00000007ffa00000| PB 0x00000007ffa00000| Complete 
|2046|0x00000007ffc00000, 0x00000007ffe00000, 0x00000007ffe00000|100%| O|  |TAMS 0x00000007ffe00000| PB 0x00000007ffc00000| Untracked 
|2047|0x00000007ffe00000, 0x0000000800000000, 0x0000000800000000|100%| O|  |TAMS 0x0000000800000000| PB 0x00000007ffe00000| Untracked 

Card table byte_map: [0x00000182d2a10000,0x00000182d3210000] _byte_map_base: 0x00000182cf210000

Marking Bits: (CMBitMap*) 0x00000182bfd47bc0
 Bits: [0x00000182d3210000, 0x00000182d7210000)

Polling page: 0x00000182bdb40000

Metaspace:

Usage:
  Non-class:     75.74 MB used.
      Class:     12.40 MB used.
       Both:     88.15 MB used.

Virtual space:
  Non-class space:      128.00 MB reserved,      76.81 MB ( 60%) committed,  2 nodes.
      Class space:      416.00 MB reserved,      13.44 MB (  3%) committed,  1 nodes.
             Both:      544.00 MB reserved,      90.25 MB ( 17%) committed. 

Chunk freelists:
   Non-Class:  2.97 MB
       Class:  2.48 MB
        Both:  5.45 MB

MaxMetaspaceSize: 512.00 MB
CompressedClassSpaceSize: 416.00 MB
Initial GC threshold: 21.00 MB
Current GC threshold: 150.25 MB
CDS: on
 - commit_granule_bytes: 65536.
 - commit_granule_words: 8192.
 - virtual_space_node_default_size: 8388608.
 - enlarge_chunks_in_place: 1.
 - use_allocation_guard: 0.


Internal statistics:

num_allocs_failed_limit: 15.
num_arena_births: 3820.
num_arena_deaths: 2.
num_vsnodes_births: 3.
num_vsnodes_deaths: 0.
num_space_committed: 1444.
num_space_uncommitted: 0.
num_chunks_returned_to_freelist: 20.
num_chunks_taken_from_freelist: 7895.
num_chunk_merges: 8.
num_chunk_splits: 5062.
num_chunks_enlarged: 3070.
num_inconsistent_stats: 0.

CodeHeap 'non-profiled nmethods': size=120000Kb used=10649Kb max_used=11447Kb free=109350Kb
 bounds [0x00000182ca9b0000, 0x00000182cb4e0000, 0x00000182d1ee0000]
CodeHeap 'profiled nmethods': size=120000Kb used=23741Kb max_used=25109Kb free=96258Kb
 bounds [0x00000182c2ee0000, 0x00000182c4770000, 0x00000182ca410000]
CodeHeap 'non-nmethods': size=5760Kb used=2735Kb max_used=2843Kb free=3024Kb
 bounds [0x00000182ca410000, 0x00000182ca6e0000, 0x00000182ca9b0000]
CodeCache: size=245760Kb, used=37125Kb, max_used=39399Kb, free=208632Kb
 total_blobs=14039, nmethods=13048, adapters=895, full_count=0
Compilation: enabled, stopped_count=0, restarted_count=0

Compilation events (20 events):
Event: 129.280 Thread 0x00000182d9c220a0 16223       4       org.objectweb.asm.SymbolTable::addConstantMemberReference (147 bytes)
Event: 129.338 Thread 0x00000182d9c2dc70 16233   !   3       org.gradle.api.internal.GeneratedSubclasses::unpack (39 bytes)
Event: 129.340 Thread 0x00000182d9c2dc70 nmethod 16233 0x00000182c4748090 code [0x00000182c4748320, 0x00000182c4748db0]
Event: 129.361 Thread 0x00000182d9c2dc70 16234       3       org.objectweb.asm.SymbolTable::addConstantNameAndType (137 bytes)
Event: 129.362 Thread 0x00000182d9c2dc70 nmethod 16234 0x00000182c4749290 code [0x00000182c4749500, 0x00000182c4749c18]
Event: 129.362 Thread 0x00000182d9c2dc70 16235       2       org.objectweb.asm.SymbolTable::hash (15 bytes)
Event: 129.363 Thread 0x00000182d9c2dc70 nmethod 16235 0x00000182c474a010 code [0x00000182c474a1c0, 0x00000182c474a310]
Event: 129.366 Thread 0x00000182d9c220a0 nmethod 16223 0x00000182cb4d4e90 code [0x00000182cb4d5120, 0x00000182cb4d6698]
Event: 129.368 Thread 0x00000182d9c220a0 16222       4       org.objectweb.asm.ClassReader::readField (675 bytes)
Event: 129.463 Thread 0x00000182d9c2dc70 16238       3       org.objectweb.asm.ClassReader::readCode (5117 bytes)
Event: 129.519 Thread 0x00000182d9c2dc70 nmethod 16238 0x00000182c474a410 code [0x00000182c474b9c0, 0x00000182c475ca18]
Event: 129.529 Thread 0x00000182d9c2dc70 16239       3       org.objectweb.asm.ClassReader::getTypeAnnotationBytecodeOffset (34 bytes)
Event: 129.531 Thread 0x00000182d9c2dc70 nmethod 16239 0x00000182c4764b10 code [0x00000182c4764ce0, 0x00000182c4764fb0]
Event: 129.553 Thread 0x00000182d9c220a0 nmethod 16222 0x00000182cb4d7010 code [0x00000182cb4d74c0, 0x00000182cb4da268]
Event: 129.553 Thread 0x00000182d9c220a0 16224       4       org.objectweb.asm.SymbolTable::addConstantMethodHandle (197 bytes)
Event: 129.643 Thread 0x00000182d9c220a0 nmethod 16224 0x00000182cb4dba10 code [0x00000182cb4dbca0, 0x00000182cb4dd2a0]
Event: 129.644 Thread 0x00000182d9c220a0 16240       4       org.objectweb.asm.ClassReader::readCode (5117 bytes)
Event: 129.718 Thread 0x00000182d9c2dc70 16241       3       org.objectweb.asm.Label::put (30 bytes)
Event: 129.718 Thread 0x00000182d9c2dc70 nmethod 16241 0x00000182c4765110 code [0x00000182c47652e0, 0x00000182c47654d8]
Event: 129.844 Thread 0x00000182d9c2dc70 16244       3       java.util.Collections$2::tryAdvance (38 bytes)

GC Heap History (20 events):
Event: 114.663 GC heap before
{Heap before GC invocations=51 (full 0):
 garbage-first heap   total 270336K, used 252244K [0x0000000700000000, 0x0000000800000000)
  region size 2048K, 66 young (135168K), 6 survivors (12288K)
 Metaspace       used 89136K, committed 91200K, reserved 557056K
  class space    used 12598K, committed 13632K, reserved 425984K
}
Event: 114.678 GC heap after
{Heap after GC invocations=52 (full 0):
 garbage-first heap   total 272384K, used 131572K [0x0000000700000000, 0x0000000800000000)
  region size 2048K, 6 young (12288K), 6 survivors (12288K)
 Metaspace       used 89136K, committed 91200K, reserved 557056K
  class space    used 12598K, committed 13632K, reserved 425984K
}
Event: 115.674 GC heap before
{Heap before GC invocations=52 (full 0):
 garbage-first heap   total 272384K, used 254452K [0x0000000700000000, 0x0000000800000000)
  region size 2048K, 66 young (135168K), 6 survivors (12288K)
 Metaspace       used 89151K, committed 91264K, reserved 557056K
  class space    used 12598K, committed 13632K, reserved 425984K
}
Event: 115.685 GC heap after
{Heap after GC invocations=53 (full 0):
 garbage-first heap   total 272384K, used 135790K [0x0000000700000000, 0x0000000800000000)
  region size 2048K, 6 young (12288K), 6 survivors (12288K)
 Metaspace       used 89151K, committed 91264K, reserved 557056K
  class space    used 12598K, committed 13632K, reserved 425984K
}
Event: 117.172 GC heap before
{Heap before GC invocations=54 (full 0):
 garbage-first heap   total 272384K, used 254574K [0x0000000700000000, 0x0000000800000000)
  region size 2048K, 64 young (131072K), 6 survivors (12288K)
 Metaspace       used 89162K, committed 91264K, reserved 557056K
  class space    used 12598K, committed 13632K, reserved 425984K
}
Event: 117.184 GC heap after
{Heap after GC invocations=55 (full 0):
 garbage-first heap   total 272384K, used 137864K [0x0000000700000000, 0x0000000800000000)
  region size 2048K, 5 young (10240K), 5 survivors (10240K)
 Metaspace       used 89162K, committed 91264K, reserved 557056K
  class space    used 12598K, committed 13632K, reserved 425984K
}
Event: 118.658 GC heap before
{Heap before GC invocations=55 (full 0):
 garbage-first heap   total 272384K, used 252552K [0x0000000700000000, 0x0000000800000000)
  region size 2048K, 62 young (126976K), 5 survivors (10240K)
 Metaspace       used 89235K, committed 91328K, reserved 557056K
  class space    used 12605K, committed 13632K, reserved 425984K
}
Event: 118.672 GC heap after
{Heap after GC invocations=56 (full 0):
 garbage-first heap   total 327680K, used 137158K [0x0000000700000000, 0x0000000800000000)
  region size 2048K, 5 young (10240K), 5 survivors (10240K)
 Metaspace       used 89235K, committed 91328K, reserved 557056K
  class space    used 12605K, committed 13632K, reserved 425984K
}
Event: 121.828 GC heap before
{Heap before GC invocations=56 (full 0):
 garbage-first heap   total 327680K, used 311238K [0x0000000700000000, 0x0000000800000000)
  region size 2048K, 90 young (184320K), 5 survivors (10240K)
 Metaspace       used 90001K, committed 92160K, reserved 557056K
  class space    used 12696K, committed 13760K, reserved 425984K
}
Event: 121.895 GC heap after
{Heap after GC invocations=57 (full 0):
 garbage-first heap   total 356352K, used 172032K [0x0000000700000000, 0x0000000800000000)
  region size 2048K, 12 young (24576K), 12 survivors (24576K)
 Metaspace       used 90001K, committed 92160K, reserved 557056K
  class space    used 12696K, committed 13760K, reserved 425984K
}
Event: 123.850 GC heap before
{Heap before GC invocations=57 (full 0):
 garbage-first heap   total 356352K, used 309248K [0x0000000700000000, 0x0000000800000000)
  region size 2048K, 79 young (161792K), 12 survivors (24576K)
 Metaspace       used 90160K, committed 92288K, reserved 557056K
  class space    used 12697K, committed 13760K, reserved 425984K
}
Event: 123.887 GC heap after
{Heap after GC invocations=58 (full 0):
 garbage-first heap   total 356352K, used 179251K [0x0000000700000000, 0x0000000800000000)
  region size 2048K, 2 young (4096K), 2 survivors (4096K)
 Metaspace       used 90160K, committed 92288K, reserved 557056K
  class space    used 12697K, committed 13760K, reserved 425984K
}
Event: 125.446 GC heap before
{Heap before GC invocations=58 (full 0):
 garbage-first heap   total 356352K, used 318515K [0x0000000700000000, 0x0000000800000000)
  region size 2048K, 70 young (143360K), 2 survivors (4096K)
 Metaspace       used 90185K, committed 92288K, reserved 557056K
  class space    used 12698K, committed 13760K, reserved 425984K
}
Event: 125.453 GC heap after
{Heap after GC invocations=59 (full 0):
 garbage-first heap   total 356352K, used 178355K [0x0000000700000000, 0x0000000800000000)
  region size 2048K, 2 young (4096K), 2 survivors (4096K)
 Metaspace       used 90185K, committed 92288K, reserved 557056K
  class space    used 12698K, committed 13760K, reserved 425984K
}
Event: 127.456 GC heap before
{Heap before GC invocations=60 (full 0):
 garbage-first heap   total 356352K, used 321715K [0x0000000700000000, 0x0000000800000000)
  region size 2048K, 73 young (149504K), 2 survivors (4096K)
 Metaspace       used 90227K, committed 92352K, reserved 557056K
  class space    used 12700K, committed 13760K, reserved 425984K
}
Event: 127.471 GC heap after
{Heap after GC invocations=61 (full 0):
 garbage-first heap   total 356352K, used 181004K [0x0000000700000000, 0x0000000800000000)
  region size 2048K, 3 young (6144K), 3 survivors (6144K)
 Metaspace       used 90227K, committed 92352K, reserved 557056K
  class space    used 12700K, committed 13760K, reserved 425984K
}
Event: 128.416 GC heap before
{Heap before GC invocations=61 (full 0):
 garbage-first heap   total 356352K, used 326412K [0x0000000700000000, 0x0000000800000000)
  region size 2048K, 75 young (153600K), 3 survivors (6144K)
 Metaspace       used 90251K, committed 92416K, reserved 557056K
  class space    used 12700K, committed 13760K, reserved 425984K
}
Event: 128.431 GC heap after
{Heap after GC invocations=62 (full 0):
 garbage-first heap   total 356352K, used 179469K [0x0000000700000000, 0x0000000800000000)
  region size 2048K, 4 young (8192K), 4 survivors (8192K)
 Metaspace       used 90251K, committed 92416K, reserved 557056K
  class space    used 12700K, committed 13760K, reserved 425984K
}
Event: 129.663 GC heap before
{Heap before GC invocations=62 (full 0):
 garbage-first heap   total 356352K, used 331021K [0x0000000700000000, 0x0000000800000000)
  region size 2048K, 79 young (161792K), 4 survivors (8192K)
 Metaspace       used 90257K, committed 92416K, reserved 557056K
  class space    used 12701K, committed 13760K, reserved 425984K
}
Event: 129.678 GC heap after
{Heap after GC invocations=63 (full 0):
 garbage-first heap   total 356352K, used 180884K [0x0000000700000000, 0x0000000800000000)
  region size 2048K, 4 young (8192K), 4 survivors (8192K)
 Metaspace       used 90257K, committed 92416K, reserved 557056K
  class space    used 12701K, committed 13760K, reserved 425984K
}

Dll operation events (14 events):
Event: 0.034 Loaded shared library C:\Users\mindp\.antigravity\extensions\redhat.java-1.54.0-win32-x64\jre\21.0.10-win32-x86_64\bin\java.dll
Event: 0.215 Loaded shared library C:\Users\mindp\.antigravity\extensions\redhat.java-1.54.0-win32-x64\jre\21.0.10-win32-x86_64\bin\zip.dll
Event: 0.294 Loaded shared library C:\Users\mindp\.antigravity\extensions\redhat.java-1.54.0-win32-x64\jre\21.0.10-win32-x86_64\bin\instrument.dll
Event: 0.354 Loaded shared library C:\Users\mindp\.antigravity\extensions\redhat.java-1.54.0-win32-x64\jre\21.0.10-win32-x86_64\bin\net.dll
Event: 0.361 Loaded shared library C:\Users\mindp\.antigravity\extensions\redhat.java-1.54.0-win32-x64\jre\21.0.10-win32-x86_64\bin\nio.dll
Event: 0.371 Loaded shared library C:\Users\mindp\.antigravity\extensions\redhat.java-1.54.0-win32-x64\jre\21.0.10-win32-x86_64\bin\zip.dll
Event: 1.594 Loaded shared library C:\Users\mindp\.antigravity\extensions\redhat.java-1.54.0-win32-x64\jre\21.0.10-win32-x86_64\bin\jimage.dll
Event: 2.283 Loaded shared library C:\Users\mindp\.antigravity\extensions\redhat.java-1.54.0-win32-x64\jre\21.0.10-win32-x86_64\bin\verify.dll
Event: 2.748 Loaded shared library C:\Users\mindp\.gradle\native\c067742578af261105cb4f569cf0c3c89f3d7b1fecec35dd04571415982c5e48\windows-amd64\native-platform.dll
Event: 2.764 Loaded shared library C:\Users\mindp\.gradle\native\100fb08df4bc3b14c8652ba06237920a3bd2aa13389f12d3474272988ae205f9\windows-amd64\native-platform-file-events.dll
Event: 7.411 Loaded shared library C:\Users\mindp\.antigravity\extensions\redhat.java-1.54.0-win32-x64\jre\21.0.10-win32-x86_64\bin\management.dll
Event: 7.421 Loaded shared library C:\Users\mindp\.antigravity\extensions\redhat.java-1.54.0-win32-x64\jre\21.0.10-win32-x86_64\bin\management_ext.dll
Event: 8.145 Loaded shared library C:\Users\mindp\.antigravity\extensions\redhat.java-1.54.0-win32-x64\jre\21.0.10-win32-x86_64\bin\extnet.dll
Event: 8.870 Loaded shared library C:\Users\mindp\.antigravity\extensions\redhat.java-1.54.0-win32-x64\jre\21.0.10-win32-x86_64\bin\sunmscapi.dll

Deoptimization events (20 events):
Event: 129.462 Thread 0x00000182fc37f870 Uncommon trap: trap_request=0xffffff45 fr.pc=0x00000182cb492110 relative=0x0000000000000070
Event: 129.462 Thread 0x00000182fc37f870 Uncommon trap: reason=unstable_if action=reinterpret pc=0x00000182cb492110 method=org.objectweb.asm.ClassReader.getTypeAnnotationBytecodeOffset([II)I @ 1 c2
Event: 129.462 Thread 0x00000182fc37f870 DEOPT PACKING pc=0x00000182cb492110 sp=0x0000001798afa5d0
Event: 129.463 Thread 0x00000182fc37f870 DEOPT UNPACKING pc=0x00000182ca464422 sp=0x0000001798afa580 mode 2
Event: 129.595 Thread 0x00000182fab18060 DEOPT PACKING pc=0x00000182c475ac12 sp=0x00000017946f3cb0
Event: 129.595 Thread 0x00000182fab18060 DEOPT UNPACKING pc=0x00000182ca464bc2 sp=0x00000017946f33c0 mode 0
Event: 129.620 Thread 0x00000182fab18060 DEOPT PACKING pc=0x00000182c475ac12 sp=0x00000017946f3cb0
Event: 129.620 Thread 0x00000182fab18060 DEOPT UNPACKING pc=0x00000182ca464bc2 sp=0x00000017946f33c0 mode 0
Event: 129.626 Thread 0x00000182fab18060 DEOPT PACKING pc=0x00000182c475b477 sp=0x00000017946f3cb0
Event: 129.626 Thread 0x00000182fab18060 DEOPT UNPACKING pc=0x00000182ca464bc2 sp=0x00000017946f33c0 mode 0
Event: 129.727 Thread 0x00000182fc37f870 DEOPT PACKING pc=0x00000182c475ac12 sp=0x0000001798afa3e0
Event: 129.727 Thread 0x00000182fc37f870 DEOPT UNPACKING pc=0x00000182ca464bc2 sp=0x0000001798af9af0 mode 0
Event: 129.744 Thread 0x00000182fab18060 DEOPT PACKING pc=0x00000182c475ac12 sp=0x00000017946f3cb0
Event: 129.744 Thread 0x00000182fab18060 DEOPT UNPACKING pc=0x00000182ca464bc2 sp=0x00000017946f33c0 mode 0
Event: 129.778 Thread 0x00000182fab18060 DEOPT PACKING pc=0x00000182c475b477 sp=0x00000017946f3cb0
Event: 129.778 Thread 0x00000182fab18060 DEOPT UNPACKING pc=0x00000182ca464bc2 sp=0x00000017946f33c0 mode 0
Event: 130.800 Thread 0x00000182fdcd3590 DEOPT PACKING pc=0x00000182c475ac12 sp=0x00000017990fa5d0
Event: 130.800 Thread 0x00000182fdcd3590 DEOPT UNPACKING pc=0x00000182ca464bc2 sp=0x00000017990f9ce0 mode 0
Event: 130.800 Thread 0x00000182fab18060 DEOPT PACKING pc=0x00000182c475ac12 sp=0x00000017946f3cb0
Event: 130.800 Thread 0x00000182fab18060 DEOPT UNPACKING pc=0x00000182ca464bc2 sp=0x00000017946f33c0 mode 0

Classes loaded (20 events):
Event: 62.521 Loading class com/sun/org/apache/xerces/internal/util/EncodingMap
Event: 62.527 Loading class com/sun/org/apache/xerces/internal/util/EncodingMap done
Event: 62.530 Loading class sun/nio/cs/ISO_8859_1$Decoder
Event: 62.531 Loading class sun/nio/cs/ISO_8859_1$Decoder done
Event: 65.910 Loading class java/util/concurrent/locks/ReentrantReadWriteLock$Sync$HoldCounter
Event: 65.910 Loading class java/util/concurrent/locks/ReentrantReadWriteLock$Sync$HoldCounter done
Event: 72.205 Loading class java/util/Collections$ReverseComparator
Event: 72.205 Loading class java/util/Collections$ReverseComparator done
Event: 72.206 Loading class java/util/Collections$ReverseComparator2
Event: 72.206 Loading class java/util/Collections$ReverseComparator2 done
Event: 106.366 Loading class java/util/zip/ZipFile$ZipEntryIterator
Event: 106.367 Loading class java/util/zip/ZipFile$ZipEntryIterator done
Event: 106.373 Loading class java/util/zip/ZipInputStream
Event: 106.373 Loading class java/util/zip/ZipInputStream done
Event: 121.141 Loading class java/util/Collections$UnmodifiableSortedMap
Event: 121.142 Loading class java/util/Collections$UnmodifiableSortedMap done
Event: 121.154 Loading class java/util/zip/Deflater
Event: 121.155 Loading class java/util/zip/Deflater done
Event: 121.161 Loading class java/util/zip/Deflater$DeflaterZStreamRef
Event: 121.161 Loading class java/util/zip/Deflater$DeflaterZStreamRef done

Classes unloaded (6 events):
Event: 34.866 Thread 0x00000182d9bf99e0 Unloading class 0x00000182db7417e0 '_BuildScript_$_run_closure2'
Event: 34.866 Thread 0x00000182d9bf99e0 Unloading class 0x00000182db7413f0 '_BuildScript_$_run_closure1$_closure4'
Event: 34.866 Thread 0x00000182d9bf99e0 Unloading class 0x00000182db741000 '_BuildScript_$_run_closure1$_closure3$_closure5'
Event: 34.866 Thread 0x00000182d9bf99e0 Unloading class 0x00000182db740928 '_BuildScript_$_run_closure1$_closure3'
Event: 34.866 Thread 0x00000182d9bf99e0 Unloading class 0x00000182db740538 '_BuildScript_$_run_closure1'
Event: 34.866 Thread 0x00000182d9bf99e0 Unloading class 0x00000182db740000 '_BuildScript_'

Classes redefined (0 events):
No events

Internal exceptions (20 events):
Event: 121.796 Thread 0x00000182fdcd4940 Exception <a 'sun/nio/fs/WindowsException'{0x0000000708cece60}> (0x0000000708cece60) 
thrown [s\src\hotspot\share\prims\jni.cpp, line 520]
Event: 122.362 Thread 0x00000182fdcd21e0 Exception <a 'sun/nio/fs/WindowsException'{0x00000007121d7b70}> (0x00000007121d7b70) 
thrown [s\src\hotspot\share\prims\jni.cpp, line 520]
Event: 123.043 Thread 0x00000182fdcd3590 Exception <a 'sun/nio/fs/WindowsException'{0x000000070f8fb548}> (0x000000070f8fb548) 
thrown [s\src\hotspot\share\prims\jni.cpp, line 520]
Event: 123.389 Thread 0x00000182fdcd2f00 Exception <a 'sun/nio/fs/WindowsException'{0x000000070e030bd0}> (0x000000070e030bd0) 
thrown [s\src\hotspot\share\prims\jni.cpp, line 520]
Event: 123.474 Thread 0x00000182fdcd3c20 Exception <a 'sun/nio/fs/WindowsException'{0x000000070da6ecb8}> (0x000000070da6ecb8) 
thrown [s\src\hotspot\share\prims\jni.cpp, line 520]
Event: 123.609 Thread 0x00000182fdcd21e0 Exception <a 'sun/nio/fs/WindowsException'{0x000000070f5a5dd0}> (0x000000070f5a5dd0) 
thrown [s\src\hotspot\share\prims\jni.cpp, line 520]
Event: 124.405 Thread 0x00000182fdcd4940 Exception <a 'sun/nio/fs/WindowsException'{0x0000000710ddbb68}> (0x0000000710ddbb68) 
thrown [s\src\hotspot\share\prims\jni.cpp, line 520]
Event: 125.761 Thread 0x00000182fdcd2f00 Exception <a 'sun/nio/fs/WindowsException'{0x00000007ff56c698}> (0x00000007ff56c698) 
thrown [s\src\hotspot\share\prims\jni.cpp, line 520]
Event: 126.487 Thread 0x00000182fc37f870 Implicit null exception at 0x00000182caf9bc16 to 0x00000182caf9c09c
Event: 126.531 Thread 0x00000182fdcd21e0 Exception <a 'sun/nio/fs/WindowsException'{0x00000007ffa46da8}> (0x00000007ffa46da8) 
thrown [s\src\hotspot\share\prims\jni.cpp, line 520]
Event: 126.575 Thread 0x00000182fdcd3c20 Exception <a 'sun/nio/fs/WindowsException'{0x0000000712d03798}> (0x0000000712d03798) 
thrown [s\src\hotspot\share\prims\jni.cpp, line 520]
Event: 127.417 Thread 0x00000182fdcd3590 Exception <a 'sun/nio/fs/WindowsException'{0x000000070da4b4a0}> (0x000000070da4b4a0) 
thrown [s\src\hotspot\share\prims\jni.cpp, line 520]
Event: 127.493 Thread 0x00000182fdcd2f00 Exception <a 'sun/nio/fs/WindowsException'{0x00000007ffba7e88}> (0x00000007ffba7e88) 
thrown [s\src\hotspot\share\prims\jni.cpp, line 520]
Event: 127.917 Thread 0x00000182fdcd4940 Exception <a 'sun/nio/fs/WindowsException'{0x00000007100a32c0}> (0x00000007100a32c0) 
thrown [s\src\hotspot\share\prims\jni.cpp, line 520]
Event: 128.316 Thread 0x00000182fdcd3c20 Exception <a 'sun/nio/fs/WindowsException'{0x000000070caa5e00}> (0x000000070caa5e00) 
thrown [s\src\hotspot\share\prims\jni.cpp, line 520]
Event: 128.921 Thread 0x00000182fdcd21e0 Exception <a 'sun/nio/fs/WindowsException'{0x0000000710a8e540}> (0x0000000710a8e540) 
thrown [s\src\hotspot\share\prims\jni.cpp, line 520]
Event: 129.222 Thread 0x00000182fdcd4940 Exception <a 'sun/nio/fs/WindowsException'{0x000000070d94c180}> (0x000000070d94c180) 
thrown [s\src\hotspot\share\prims\jni.cpp, line 520]
Event: 129.902 Thread 0x00000182fdcd3c20 Exception <a 'sun/nio/fs/WindowsException'{0x0000000713220228}> (0x0000000713220228) 
thrown [s\src\hotspot\share\prims\jni.cpp, line 520]
Event: 129.932 Thread 0x00000182fdcd2f00 Exception <a 'sun/nio/fs/WindowsException'{0x00000007130beb90}> (0x00000007130beb90) 
thrown [s\src\hotspot\share\prims\jni.cpp, line 520]
Event: 130.110 Thread 0x00000182fdcd21e0 Exception <a 'sun/nio/fs/WindowsException'{0x0000000712eae7c0}> (0x0000000712eae7c0) 
thrown [s\src\hotspot\share\prims\jni.cpp, line 520]

ZGC Phase Switch (0 events):
No events

VM Operations (20 events):
Event: 123.850 Executing safepoint VM operation: G1CollectForAllocation (G1 Evacuation Pause) done
Event: 123.850 Executing safepoint VM operation: G1CollectForAllocation (GCLocker Initiated GC)
Event: 123.887 Executing safepoint VM operation: G1CollectForAllocation (GCLocker Initiated GC) done
Event: 125.444 Executing safepoint VM operation: G1CollectForAllocation (G1 Evacuation Pause)
Event: 125.453 Executing safepoint VM operation: G1CollectForAllocation (G1 Evacuation Pause) done
Event: 125.985 Executing safepoint VM operation: G1PauseRemark
Event: 126.022 Executing safepoint VM operation: G1PauseRemark done
Event: 126.222 Executing safepoint VM operation: G1PauseCleanup
Event: 126.263 Executing safepoint VM operation: G1PauseCleanup done
Event: 127.455 Executing safepoint VM operation: G1CollectForAllocation (G1 Evacuation Pause)
Event: 127.471 Executing safepoint VM operation: G1CollectForAllocation (G1 Evacuation Pause) done
Event: 128.403 Executing safepoint VM operation: G1CollectForAllocation (G1 Evacuation Pause)
Event: 128.431 Executing safepoint VM operation: G1CollectForAllocation (G1 Evacuation Pause) done
Event: 129.446 Executing safepoint VM operation: Cleanup
Event: 129.446 Executing safepoint VM operation: Cleanup done
Event: 129.644 Executing safepoint VM operation: G1CollectForAllocation (G1 Evacuation Pause)
Event: 129.645 Executing safepoint VM operation: G1CollectForAllocation (G1 Evacuation Pause) done
Event: 129.654 Executing safepoint VM operation: G1CollectForAllocation (GCLocker Initiated GC)
Event: 129.678 Executing safepoint VM operation: G1CollectForAllocation (GCLocker Initiated GC) done
Event: 130.124 Executing safepoint VM operation: G1PauseRemark

Memory protections (0 events):
No events

Nmethod flushes (20 events):
Event: 126.020 Thread 0x00000182d9bf99e0 flushing  nmethod 0x00000182cb26ae10
Event: 126.020 Thread 0x00000182d9bf99e0 flushing  nmethod 0x00000182cb274090
Event: 126.020 Thread 0x00000182d9bf99e0 flushing  nmethod 0x00000182c355f310
Event: 126.020 Thread 0x00000182d9bf99e0 flushing  nmethod 0x00000182c37c0610
Event: 126.020 Thread 0x00000182d9bf99e0 flushing  nmethod 0x00000182c3fcee10
Event: 126.020 Thread 0x00000182d9bf99e0 flushing  nmethod 0x00000182c40b1e10
Event: 126.020 Thread 0x00000182d9bf99e0 flushing  nmethod 0x00000182c2f3a390
Event: 126.020 Thread 0x00000182d9bf99e0 flushing  nmethod 0x00000182c34af390
Event: 126.020 Thread 0x00000182d9bf99e0 flushing  nmethod 0x00000182c34fb010
Event: 126.020 Thread 0x00000182d9bf99e0 flushing  nmethod 0x00000182c38cf110
Event: 126.020 Thread 0x00000182d9bf99e0 flushing  nmethod 0x00000182c38cf710
Event: 126.020 Thread 0x00000182d9bf99e0 flushing  nmethod 0x00000182c3c6ce90
Event: 126.020 Thread 0x00000182d9bf99e0 flushing  nmethod 0x00000182c3cfe590
Event: 126.020 Thread 0x00000182d9bf99e0 flushing  nmethod 0x00000182c4566c10
Event: 126.020 Thread 0x00000182d9bf99e0 flushing  nmethod 0x00000182cadf0610
Event: 126.020 Thread 0x00000182d9bf99e0 flushing  nmethod 0x00000182c2f81810
Event: 126.020 Thread 0x00000182d9bf99e0 flushing  nmethod 0x00000182c32a8990
Event: 126.020 Thread 0x00000182d9bf99e0 flushing  nmethod 0x00000182c3882c90
Event: 126.020 Thread 0x00000182d9bf99e0 flushing  nmethod 0x00000182c3a28090
Event: 126.020 Thread 0x00000182d9bf99e0 flushing  nmethod 0x00000182c3c36590

Events (20 events):
Event: 76.069 Thread 0x00000182fab18060 Thread added: 0x00000182fceb2080
Event: 76.069 Thread 0x00000182fab18060 Thread added: 0x00000182fceb0640
Event: 76.070 Thread 0x00000182fab18060 Thread added: 0x00000182fceb0cd0
Event: 83.263 Thread 0x00000182d9c2dc70 Thread added: 0x00000182fdc8d2e0
Event: 83.578 Thread 0x00000182fdc8d2e0 Thread exited: 0x00000182fdc8d2e0
Event: 84.064 Thread 0x00000182d9c2dc70 Thread added: 0x00000182fdc8c540
Event: 84.406 Thread 0x00000182fdc8c540 Thread exited: 0x00000182fdc8c540
Event: 85.822 Thread 0x00000182d9c2dc70 Thread added: 0x00000182fdc8d2e0
Event: 87.470 Thread 0x00000182d9c220a0 Thread added: 0x00000182fdc8f4f0
Event: 89.046 Thread 0x00000182fdc8f4f0 Thread exited: 0x00000182fdc8f4f0
Event: 89.101 Thread 0x00000182fdc8d2e0 Thread exited: 0x00000182fdc8d2e0
Event: 106.383 Thread 0x00000182d9c2dc70 Thread added: 0x00000182fdc8e750
Event: 106.532 Thread 0x00000182d9c2dc70 Thread added: 0x00000182fdc8f4f0
Event: 108.637 Thread 0x00000182fdc8f4f0 Thread exited: 0x00000182fdc8f4f0
Event: 108.638 Thread 0x00000182fdc8e750 Thread exited: 0x00000182fdc8e750
Event: 112.115 Thread 0x00000182d9c220a0 Thread added: 0x00000182fdc8f4f0
Event: 112.656 Thread 0x00000182fdc8f4f0 Thread exited: 0x00000182fdc8f4f0
Event: 114.536 Thread 0x00000182f979faa0 Thread exited: 0x00000182f979faa0
Event: 118.737 Thread 0x00000182d9c220a0 Thread added: 0x00000182fdc8c540
Event: 118.820 Thread 0x00000182d9c2dc70 Thread added: 0x00000182fdc8e750


Dynamic libraries:
0x00007ff7ded60000 - 0x00007ff7ded6e000 	C:\Users\mindp\.antigravity\extensions\redhat.java-1.54.0-win32-x64\jre\21.0.10-win32-x86_64\bin\java.exe
0x00007ffe36300000 - 0x00007ffe36567000 	C:\WINDOWS\SYSTEM32\ntdll.dll
0x00007ffe34ad0000 - 0x00007ffe34b99000 	C:\WINDOWS\System32\KERNEL32.DLL
0x00007ffe335d0000 - 0x00007ffe339c7000 	C:\WINDOWS\System32\KERNELBASE.dll
0x00007ffe33c00000 - 0x00007ffe33d4b000 	C:\WINDOWS\System32\ucrtbase.dll
0x00007ffe0ceb0000 - 0x00007ffe0cece000 	C:\Users\mindp\.antigravity\extensions\redhat.java-1.54.0-win32-x64\jre\21.0.10-win32-x86_64\bin\VCRUNTIME140.dll
0x00007ffe09220000 - 0x00007ffe09238000 	C:\Users\mindp\.antigravity\extensions\redhat.java-1.54.0-win32-x64\jre\21.0.10-win32-x86_64\bin\jli.dll
0x00007ffe360e0000 - 0x00007ffe362a6000 	C:\WINDOWS\System32\USER32.dll
0x00007ffe32d30000 - 0x00007ffe32d57000 	C:\WINDOWS\System32\win32u.dll
0x00007ffe356e0000 - 0x00007ffe3570b000 	C:\WINDOWS\System32\GDI32.dll
0x00007ffe12bd0000 - 0x00007ffe12e62000 	C:\WINDOWS\WinSxS\amd64_microsoft.windows.common-controls_6595b64144ccf1df_6.0.26100.8328_none_3e08182ce334b678\COMCTL32.dll
0x00007ffe33e00000 - 0x00007ffe33f2c000 	C:\WINDOWS\System32\gdi32full.dll
0x00007ffe33d50000 - 0x00007ffe33df3000 	C:\WINDOWS\System32\msvcp_win.dll
0x00007ffe35ba0000 - 0x00007ffe35c49000 	C:\WINDOWS\System32\msvcrt.dll
0x00007ffe347b0000 - 0x00007ffe347e2000 	C:\WINDOWS\System32\IMM32.DLL
0x00007ffe27f50000 - 0x00007ffe27f5c000 	C:\Users\mindp\.antigravity\extensions\redhat.java-1.54.0-win32-x64\jre\21.0.10-win32-x86_64\bin\vcruntime140_1.dll
0x00007ffdf3e50000 - 0x00007ffdf3edd000 	C:\Users\mindp\.antigravity\extensions\redhat.java-1.54.0-win32-x64\jre\21.0.10-win32-x86_64\bin\msvcp140.dll
0x00007ffd7eba0000 - 0x00007ffd7f941000 	C:\Users\mindp\.antigravity\extensions\redhat.java-1.54.0-win32-x64\jre\21.0.10-win32-x86_64\bin\server\jvm.dll
0x00007ffe353d0000 - 0x00007ffe35486000 	C:\WINDOWS\System32\ADVAPI32.dll
0x00007ffe34a20000 - 0x00007ffe34ac7000 	C:\WINDOWS\System32\sechost.dll
0x00007ffe347f0000 - 0x00007ffe34908000 	C:\WINDOWS\System32\RPCRT4.dll
0x00007ffe35330000 - 0x00007ffe353b0000 	C:\WINDOWS\System32\WS2_32.dll
0x00007ffe32b90000 - 0x00007ffe32bee000 	C:\WINDOWS\SYSTEM32\POWRPROF.dll
0x00007ffe28780000 - 0x00007ffe2878b000 	C:\WINDOWS\SYSTEM32\VERSION.dll
0x00007ffe19dc0000 - 0x00007ffe19df6000 	C:\WINDOWS\SYSTEM32\WINMM.dll
0x00007ffe32b70000 - 0x00007ffe32b84000 	C:\WINDOWS\SYSTEM32\UMPDC.dll
0x00007ffe31a80000 - 0x00007ffe31a9b000 	C:\WINDOWS\SYSTEM32\kernel.appcore.dll
0x00007ffe08970000 - 0x00007ffe0897a000 	C:\Users\mindp\.antigravity\extensions\redhat.java-1.54.0-win32-x64\jre\21.0.10-win32-x86_64\bin\jimage.dll
0x00007ffe27040000 - 0x00007ffe27282000 	C:\WINDOWS\SYSTEM32\DBGHELP.DLL
0x00007ffe34420000 - 0x00007ffe347a3000 	C:\WINDOWS\System32\combase.dll
0x00007ffe35730000 - 0x00007ffe35809000 	C:\WINDOWS\System32\OLEAUT32.dll
0x00007ffe16490000 - 0x00007ffe164cb000 	C:\WINDOWS\SYSTEM32\dbgcore.DLL
0x00007ffe33b50000 - 0x00007ffe33bf8000 	C:\WINDOWS\System32\bcryptPrimitives.dll
0x00007ffe08890000 - 0x00007ffe0889f000 	C:\Users\mindp\.antigravity\extensions\redhat.java-1.54.0-win32-x64\jre\21.0.10-win32-x86_64\bin\instrument.dll
0x00007ffe06e80000 - 0x00007ffe06ea0000 	C:\Users\mindp\.antigravity\extensions\redhat.java-1.54.0-win32-x64\jre\21.0.10-win32-x86_64\bin\java.dll
0x00007ffe34bb0000 - 0x00007ffe3531e000 	C:\WINDOWS\System32\SHELL32.dll
0x00007ffe32d60000 - 0x00007ffe335cc000 	C:\WINDOWS\System32\windows.storage.dll
0x00007ffe35aa0000 - 0x00007ffe35b96000 	C:\WINDOWS\System32\SHCORE.dll
0x00007ffe35490000 - 0x00007ffe354f6000 	C:\WINDOWS\System32\shlwapi.dll
0x00007ffe32c50000 - 0x00007ffe32c79000 	C:\WINDOWS\SYSTEM32\profapi.dll
0x00007ffe041d0000 - 0x00007ffe041e8000 	C:\Users\mindp\.antigravity\extensions\redhat.java-1.54.0-win32-x64\jre\21.0.10-win32-x86_64\bin\zip.dll
0x00007ffe05d40000 - 0x00007ffe05d50000 	C:\Users\mindp\.antigravity\extensions\redhat.java-1.54.0-win32-x64\jre\21.0.10-win32-x86_64\bin\net.dll
0x00007ffe27b70000 - 0x00007ffe27c99000 	C:\WINDOWS\SYSTEM32\WINHTTP.dll
0x00007ffe31fd0000 - 0x00007ffe3203c000 	C:\WINDOWS\system32\mswsock.dll
0x00007ffe04e20000 - 0x00007ffe04e36000 	C:\Users\mindp\.antigravity\extensions\redhat.java-1.54.0-win32-x64\jre\21.0.10-win32-x86_64\bin\nio.dll
0x00007ffe04530000 - 0x00007ffe04540000 	C:\Users\mindp\.antigravity\extensions\redhat.java-1.54.0-win32-x64\jre\21.0.10-win32-x86_64\bin\verify.dll
0x00007ffe04220000 - 0x00007ffe04247000 	C:\Users\mindp\.gradle\native\c067742578af261105cb4f569cf0c3c89f3d7b1fecec35dd04571415982c5e48\windows-amd64\native-platform.dll
0x00007ffd8d2f0000 - 0x00007ffd8d434000 	C:\Users\mindp\.gradle\native\100fb08df4bc3b14c8652ba06237920a3bd2aa13389f12d3474272988ae205f9\windows-amd64\native-platform-file-events.dll
0x00007ffe09210000 - 0x00007ffe0921a000 	C:\Users\mindp\.antigravity\extensions\redhat.java-1.54.0-win32-x64\jre\21.0.10-win32-x86_64\bin\management.dll
0x00007ffe08d40000 - 0x00007ffe08d4c000 	C:\Users\mindp\.antigravity\extensions\redhat.java-1.54.0-win32-x64\jre\21.0.10-win32-x86_64\bin\management_ext.dll
0x00007ffe353c0000 - 0x00007ffe353c8000 	C:\WINDOWS\System32\PSAPI.DLL
0x00007ffe323d0000 - 0x00007ffe323eb000 	C:\WINDOWS\SYSTEM32\CRYPTSP.dll
0x00007ffe319e0000 - 0x00007ffe31a19000 	C:\WINDOWS\system32\rsaenh.dll
0x00007ffe32080000 - 0x00007ffe320b3000 	C:\WINDOWS\SYSTEM32\USERENV.dll
0x00007ffe32c20000 - 0x00007ffe32c4a000 	C:\WINDOWS\SYSTEM32\bcrypt.dll
0x00007ffe32230000 - 0x00007ffe3223c000 	C:\WINDOWS\SYSTEM32\CRYPTBASE.dll
0x00007ffe314c0000 - 0x00007ffe314f2000 	C:\WINDOWS\SYSTEM32\IPHLPAPI.DLL
0x00007ffe34a10000 - 0x00007ffe34a1a000 	C:\WINDOWS\System32\NSI.dll
0x00007ffe24e00000 - 0x00007ffe24e09000 	C:\Users\mindp\.antigravity\extensions\redhat.java-1.54.0-win32-x64\jre\21.0.10-win32-x86_64\bin\extnet.dll
0x00007ffe24e10000 - 0x00007ffe24e1e000 	C:\Users\mindp\.antigravity\extensions\redhat.java-1.54.0-win32-x64\jre\21.0.10-win32-x86_64\bin\sunmscapi.dll
0x00007ffe339d0000 - 0x00007ffe33b48000 	C:\WINDOWS\System32\CRYPT32.dll
0x00007ffe32530000 - 0x00007ffe32560000 	C:\WINDOWS\SYSTEM32\ncrypt.dll
0x00007ffe324e0000 - 0x00007ffe3251f000 	C:\WINDOWS\SYSTEM32\NTASN1.dll
0x00007ffdea020000 - 0x00007ffdea028000 	C:\WINDOWS\system32\wshunix.dll
0x00007ffde9af0000 - 0x00007ffde9b08000 	C:\WINDOWS\system32\napinsp.dll
0x00007ffe31560000 - 0x00007ffe31692000 	C:\WINDOWS\SYSTEM32\DNSAPI.dll
0x00007ffde9b10000 - 0x00007ffde9b23000 	C:\WINDOWS\System32\winrnr.dll
0x00007ffde9b30000 - 0x00007ffde9b52000 	C:\WINDOWS\system32\nlansp_c.dll
0x00007ffdf3f50000 - 0x00007ffdf3f66000 	C:\WINDOWS\system32\wshbth.dll
0x00007ffe160c0000 - 0x00007ffe160cb000 	C:\Windows\System32\rasadhlp.dll
0x00007ffe26980000 - 0x00007ffe26a06000 	C:\WINDOWS\System32\fwpuclnt.dll

JVMTI agents:
C:\Users\mindp\.gradle\wrapper\dists\gradle-8.9-all\6m0mbzute7p0zdleavqlib88a\gradle-8.9\lib\agents\gradle-instrumentation-agent-8.9.jar path:C:\Users\mindp\.antigravity\extensions\redhat.java-1.54.0-win32-x64\jre\21.0.10-win32-x86_64\bin\instrument.dll, loaded, initialized, instrumentlib options:none

dbghelp: loaded successfully - version: 4.0.5 - missing functions: none
symbol engine: initialized successfully - sym options: 0x614 - pdb path: .;C:\Users\mindp\.antigravity\extensions\redhat.java-1.54.0-win32-x64\jre\21.0.10-win32-x86_64\bin;C:\WINDOWS\SYSTEM32;C:\WINDOWS\WinSxS\amd64_microsoft.windows.common-controls_6595b64144ccf1df_6.0.26100.8328_none_3e08182ce334b678;C:\Users\mindp\.antigravity\extensions\redhat.java-1.54.0-win32-x64\jre\21.0.10-win32-x86_64\bin\server;C:\Users\mindp\.gradle\native\c067742578af261105cb4f569cf0c3c89f3d7b1fecec35dd04571415982c5e48\windows-amd64;C:\Users\mindp\.gradle\native\100fb08df4bc3b14c8652ba06237920a3bd2aa13389f12d3474272988ae205f9\windows-amd64

VM Arguments:
jvm_args: -XX:MaxMetaspaceSize=512m -XX:+HeapDumpOnOutOfMemoryError --add-opens=java.base/java.util=ALL-UNNAMED --add-opens=java.base/java.lang=ALL-UNNAMED --add-opens=java.base/java.lang.invoke=ALL-UNNAMED --add-opens=java.prefs/java.util.prefs=ALL-UNNAMED --add-exports=jdk.compiler/com.sun.tools.javac.api=ALL-UNNAMED --add-exports=jdk.compiler/com.sun.tools.javac.util=ALL-UNNAMED --add-opens=java.base/java.nio.charset=ALL-UNNAMED --add-opens=java.base/java.net=ALL-UNNAMED --add-opens=java.base/java.util.concurrent.atomic=ALL-UNNAMED -Xmx4G -Dfile.encoding=utf8 -Duser.country=US -Duser.language=en -Duser.variant -javaagent:C:\Users\mindp\.gradle\wrapper\dists\gradle-8.9-all\6m0mbzute7p0zdleavqlib88a\gradle-8.9\lib\agents\gradle-instrumentation-agent-8.9.jar 
java_command: org.gradle.launcher.daemon.bootstrap.GradleDaemon 8.9
java_class_path (initial): C:\Users\mindp\.gradle\wrapper\dists\gradle-8.9-all\6m0mbzute7p0zdleavqlib88a\gradle-8.9\lib\gradle-daemon-main-8.9.jar
Launcher Type: SUN_STANDARD

[Global flags]
     intx CICompilerCount                          = 4                                         {product} {ergonomic}
   size_t CompressedClassSpaceSize                 = 436207616                                 {product} {ergonomic}
     uint ConcGCThreads                            = 2                                         {product} {ergonomic}
     uint G1ConcRefinementThreads                  = 8                                         {product} {ergonomic}
   size_t G1HeapRegionSize                         = 2097152                                   {product} {ergonomic}
    uintx GCDrainStackTargetSize                   = 64                                        {product} {ergonomic}
     bool HeapDumpOnOutOfMemoryError               = true                                   {manageable} {command line}
   size_t InitialHeapSize                          = 132120576                                 {product} {ergonomic}
   size_t MarkStackSize                            = 4194304                                   {product} {ergonomic}
   size_t MaxHeapSize                              = 4294967296                                {product} {command line}
   size_t MaxMetaspaceSize                         = 536870912                                 {product} {command line}
   size_t MaxNewSize                               = 2575302656                                {product} {ergonomic}
   size_t MinHeapDeltaBytes                        = 2097152                                   {product} {ergonomic}
   size_t MinHeapSize                              = 8388608                                   {product} {ergonomic}
    uintx NonNMethodCodeHeapSize                   = 5839372                                {pd product} {ergonomic}
    uintx NonProfiledCodeHeapSize                  = 122909434                              {pd product} {ergonomic}
    uintx ProfiledCodeHeapSize                     = 122909434                              {pd product} {ergonomic}
    uintx ReservedCodeCacheSize                    = 251658240                              {pd product} {ergonomic}
     bool SegmentedCodeCache                       = true                                      {product} {ergonomic}
   size_t SoftMaxHeapSize                          = 4294967296                             {manageable} {ergonomic}
     bool UseCompressedOops                        = true                           {product lp64_product} {ergonomic}
     bool UseG1GC                                  = true                                      {product} {ergonomic}
     bool UseLargePagesIndividualAllocation        = false                                  {pd product} {ergonomic}

Logging:
Log output configuration:
 #0: stdout all=warning uptime,level,tags foldmultilines=false
 #1: stderr all=off uptime,level,tags foldmultilines=false

Release file:
JAVA_VERSION="21.0.10" 
MODULES="java.base java.compiler java.datatransfer java.xml java.prefs java.desktop java.instrument java.logging java.management java.security.sasl java.naming java.rmi java.management.rmi java.net.http java.scripting java.security.jgss java.transaction.xa java.sql java.sql.rowset java.xml.crypto java.se java.smartcardio jdk.accessibility jdk.internal.jvmstat jdk.attach jdk.charsets jdk.internal.opt jdk.zipfs jdk.compiler jdk.crypto.ec jdk.crypto.cryptoki jdk.crypto.mscapi jdk.dynalink jdk.internal.ed jdk.editpad jdk.hotspot.agent jdk.httpserver jdk.internal.le jdk.internal.vm.ci jdk.internal.vm.compiler jdk.internal.vm.compiler.management jdk.jartool jdk.javadoc jdk.jcmd jdk.management jdk.management.agent jdk.jconsole jdk.jdeps jdk.jdwp.agent jdk.jdi jdk.jfr jdk.jshell jdk.jsobject jdk.jstatd jdk.localedata jdk.management.jfr jdk.naming.dns jdk.naming.rmi jdk.net jdk.nio.mapmode jdk.random jdk.sctp jdk.security.auth jdk.security.jgss jdk.unsupported jdk.unsupported.desktop jdk.xml.dom" 

Environment Variables:
PATH=C:\Program Files\Common Files\Oracle\Java\javapath;C:\WINDOWS\system32;C:\WINDOWS;C:\WINDOWS\System32\Wbem;C:\WINDOWS\System32\WindowsPowerShell\v1.0\;C:\WINDOWS\System32\OpenSSH\;C:\Users\mindp\AppData\Local\Microsoft\WindowsApps;C:\Users\mindp\AppData\Local\Programs\Antigravity\bin;C:\Users\mindp\AppData\Local\Programs\Kiro\bin;C:\flutter\bin;C:\WINDOWS\system32;C:\WINDOWS;C:\WINDOWS\System32\Wbem;C:\WINDOWS\System32\WindowsPowerShell\v1.0\;C:\WINDOWS\System32\OpenSSH\;C:\Program Files\cursor\resources\app\bin;C:\Program Files\nodejs\;C:\Program Files\Git\cmd;C:\Program Files\GitHub CLI\;C:\Program Files\Microsoft SQL Server\170\Tools\Binn\;C:\Program Files\Microsoft SQL Server\Client SDK\ODBC\170\Tools\Binn\;C:\Program Files (x86)\Windows Kits\10\Windows Performance Toolkit\;C:\Users\mindp\scoop\shims;c:\Users\mindp\AppData\Local\Programs\Trae\bin;C:\Users\mindp\AppData\Local\Microsoft\WindowsApps;C:\Users\mindp\AppData\Local\Programs\Antigravity\bin;C:\Users\mindp\AppData\Roaming\npm;C:\Users\mindp\AppData\Local\Programs\Windsurf\bin;C:\Users\mindp\AppData\Local\Programs\Kiro\bin;C:\Users\mindp\AppData\Local\Programs\cursor\resources\app\bin;C:\Users\mindp\AppData\Local\Programs\Microsoft VS Code\bin
USERNAME=mindp
OS=Windows_NT
PROCESSOR_IDENTIFIER=Intel64 Family 6 Model 142 Stepping 12, GenuineIntel
TMP=C:\Users\mindp\AppData\Local\Temp
TEMP=C:\Users\mindp\AppData\Local\Temp




Periodic native trim disabled

---------------  S Y S T E M  ---------------

OS:
 Windows 11 , 64 bit Build 26100 (10.0.26100.8328)
OS uptime: 0 days 4:13 hours
Hyper-V role detected

CPU: total 8 (initial active 8) (4 cores per cpu, 2 threads per core) family 6 model 142 stepping 12 microcode 0xfc, cx8, cmov, fxsr, ht, mmx, 3dnowpref, sse, sse2, sse3, ssse3, sse4.1, sse4.2, popcnt, lzcnt, tsc, tscinvbit, avx, avx2, aes, erms, clmul, bmi1, bmi2, adx, fma, vzeroupper, clflush, clflushopt, hv, rdtscp, f16c
Processor Information for the first 8 processors :
  Max Mhz: 1800, Current Mhz: 1600, Mhz Limit: 1584

Memory: 4k page, system-wide physical 8030M (644M free)
TotalPageFile size 18030M (AvailPageFile size 7M)
current process WorkingSet (physical memory assigned to process): 599M, peak: 603M
current process commit charge ("private bytes"): 703M, peak: 707M

vm_info: OpenJDK 64-Bit Server VM (21.0.10+7-LTS) for windows-amd64 JRE (21.0.10+7-LTS), built on 2026-01-20T00:00:00Z by "admin" with MS VC++ 17.12 (VS2022)

END.
